 2023-08-14 19:41:18,668 : INFO : Test_Login : test_Page_Title_001 : 21 : (message)s
 2023-08-14 19:41:18,669 : INFO : Test_Login : test_Page_Title_001 : 22 : (message)s
 2023-08-14 19:41:19,645 : INFO : Test_Login : test_Page_Title_001 : 24 : (message)s
 2023-08-14 19:41:19,657 : INFO : Test_Login : test_Page_Title_001 : 26 : (message)s
 2023-08-14 19:41:19,667 : INFO : Test_Login : test_Page_Title_001 : 27 : (message)s
 2023-08-14 19:41:19,943 : INFO : Test_Login : test_Page_Title_001 : 33 : (message)s
 2023-08-14 19:41:55,946 : INFO : Test_Login : test_login_002 : 38 : (message)s
 2023-08-14 19:41:55,947 : INFO : Test_Login : test_login_002 : 39 : (message)s
 2023-08-14 19:41:57,284 : INFO : Test_Login : test_login_002 : 41 : (message)s
 2023-08-14 19:41:57,954 : INFO : Test_Login : test_login_002 : 47 : (message)s
 2023-08-14 19:41:58,056 : INFO : Test_Login : test_login_002 : 51 : (message)s
 2023-08-14 19:41:58,132 : INFO : Test_Login : test_login_002 : 55 : (message)s
 2023-08-14 19:42:03,413 : INFO : Test_Login : test_login_002 : 81 : (message)s
 2023-08-14 19:42:04,561 : INFO : Test_Login : test_login_002 : 83 : (message)s
 2023-08-14 19:42:04,854 : INFO : Test_Login : test_login_002 : 89 : (message)s
 2023-08-14 19:46:58,266 : INFO : Test_Login : test_Page_Title_001 : 21 : test_Page_Title_001 started
 2023-08-14 19:46:58,267 : INFO : Test_Login : test_Page_Title_001 : 22 : opening browser
 2023-08-14 19:46:59,142 : INFO : Test_Login : test_Page_Title_001 : 24 : Go to this Url-->https://opensource-demo.orangehrmlive.com/
 2023-08-14 19:46:59,152 : INFO : Test_Login : test_Page_Title_001 : 26 : test_Page_Title_001 is Passed
 2023-08-14 19:46:59,160 : INFO : Test_Login : test_Page_Title_001 : 27 : Page Title is-->OrangeHRM
 2023-08-14 19:46:59,470 : INFO : Test_Login : test_Page_Title_001 : 33 : test_Page_Title_001 is completed
 2023-08-14 19:47:36,738 : INFO : Test_Login : test_login_002 : 38 : test_login_002 is started
 2023-08-14 19:47:36,738 : INFO : Test_Login : test_login_002 : 39 : Opening Browser
 2023-08-14 19:47:37,684 : INFO : Test_Login : test_login_002 : 41 : Opening Url -->https://opensource-demo.orangehrmlive.com/
 2023-08-14 19:47:45,811 : INFO : Test_Login : test_login_002 : 47 : Entering username-->Admin
 2023-08-14 19:47:45,925 : INFO : Test_Login : test_login_002 : 51 : Entering Password -->admin123
 2023-08-14 19:47:46,003 : INFO : Test_Login : test_login_002 : 55 : Click on Login Button
 2023-08-14 19:47:51,415 : INFO : Test_Login : test_login_002 : 81 : Click on Menu Button 
 2023-08-14 19:47:52,944 : INFO : Test_Login : test_login_002 : 83 : Click on Logout Button
 2023-08-14 19:47:53,201 : INFO : Test_Login : test_login_002 : 89 : test_login_002 is completed
 2023-08-14 20:06:18,705 : INFO : Test_Login : test_Page_Title_001 : 21 : test_Page_Title_001 started
 2023-08-14 20:06:18,706 : INFO : Test_Login : test_Page_Title_001 : 22 : opening browser
 2023-08-14 20:06:19,841 : INFO : Test_Login : test_Page_Title_001 : 24 : Go to this Url-->https://opensource-demo.orangehrmlive.com/
 2023-08-14 20:06:19,847 : INFO : Test_Login : test_Page_Title_001 : 26 : test_Page_Title_001 is Passed
 2023-08-14 20:06:19,852 : INFO : Test_Login : test_Page_Title_001 : 27 : Page Title is-->OrangeHRM
 2023-08-14 20:06:20,140 : INFO : Test_Login : test_Page_Title_001 : 33 : test_Page_Title_001 is completed
 2023-08-14 20:06:26,567 : INFO : Test_Add_Employee : test_Add_Emp_003 : 18 : test_Add_Emp_003 is started
 2023-08-14 20:06:26,568 : INFO : Test_Add_Employee : test_Add_Emp_003 : 19 : Oening Browser
 2023-08-14 20:06:27,601 : INFO : Test_Add_Employee : test_Add_Emp_003 : 21 : Opening_Url--->https://opensource-demo.orangehrmlive.com/
 2023-08-14 20:06:28,180 : INFO : Test_Add_Employee : test_Add_Emp_003 : 24 : Entering Username--->Admin
 2023-08-14 20:06:28,303 : INFO : Test_Add_Employee : test_Add_Emp_003 : 27 : Entering Password--->admin123
 2023-08-14 20:06:28,397 : INFO : Test_Add_Employee : test_Add_Emp_003 : 30 : Click Login Button
 2023-08-14 20:06:31,562 : INFO : Test_Add_Employee : test_Add_Emp_003 : 33 : Click PIM Button
 2023-08-14 20:06:33,389 : INFO : Test_Add_Employee : test_Add_Emp_003 : 35 : Click Add Customer Button
 2023-08-14 20:06:33,999 : INFO : Test_Add_Employee : test_Add_Emp_003 : 37 : Entering first name Jhon
 2023-08-14 20:06:34,131 : INFO : Test_Add_Employee : test_Add_Emp_003 : 39 : Entering Middle Name--jay
 2023-08-14 20:06:34,239 : INFO : Test_Add_Employee : test_Add_Emp_003 : 41 : Entering Lastname---bush
 2023-08-14 20:06:35,024 : INFO : Test_Add_Employee : test_Add_Emp_003 : 43 : Click on save Button
 2023-08-14 20:06:39,815 : INFO : Test_Add_Employee : test_Add_Emp_003 : 46 : test_Add_Emp_003 is Passed
 2023-08-14 20:06:40,298 : INFO : Test_Add_Employee : test_Add_Emp_003 : 53 : test_Add_Emp_003 is completed
 2023-08-14 20:07:05,990 : INFO : Test_Login : test_login_002 : 38 : test_login_002 is started
 2023-08-14 20:07:05,991 : INFO : Test_Login : test_login_002 : 39 : Opening Browser
 2023-08-14 20:07:07,231 : INFO : Test_Login : test_login_002 : 41 : Opening Url -->https://opensource-demo.orangehrmlive.com/
 2023-08-14 20:07:07,812 : INFO : Test_Login : test_login_002 : 47 : Entering username-->Admin
 2023-08-14 20:07:07,928 : INFO : Test_Login : test_login_002 : 51 : Entering Password -->admin123
 2023-08-14 20:07:08,018 : INFO : Test_Login : test_login_002 : 55 : Click on Login Button
 2023-08-14 20:07:13,313 : INFO : Test_Login : test_login_002 : 81 : Click on Menu Button 
 2023-08-14 20:07:14,549 : INFO : Test_Login : test_login_002 : 83 : Click on Logout Button
 2023-08-14 20:07:14,750 : INFO : Test_Login : test_login_002 : 89 : test_login_002 is completed
 2023-08-14 20:55:59,542 : INFO : Test_Login : test_Page_Title_001 : 21 : test_Page_Title_001 started
 2023-08-14 20:55:59,543 : INFO : Test_Login : test_Page_Title_001 : 22 : opening browser
 2023-08-14 20:56:22,059 : INFO : Test_Login : test_Page_Title_001 : 24 : Go to this Url-->https://opensource-demo.orangehrmlive.com/
 2023-08-14 20:56:22,067 : INFO : Test_Login : test_Page_Title_001 : 26 : test_Page_Title_001 is Passed
 2023-08-14 20:56:22,074 : INFO : Test_Login : test_Page_Title_001 : 27 : Page Title is-->OrangeHRM
 2023-08-14 20:56:22,094 : INFO : Test_Login : test_Page_Title_001 : 33 : test_Page_Title_001 is completed
 2023-08-14 20:56:23,624 : INFO : Test_Login : test_login_002 : 38 : test_login_002 is started
 2023-08-14 20:56:23,624 : INFO : Test_Login : test_login_002 : 39 : Opening Browser
 2023-08-14 20:56:52,029 : INFO : Test_Login : test_login_002 : 41 : Opening Url -->https://opensource-demo.orangehrmlive.com/
 2023-08-14 20:56:53,861 : INFO : Test_Login : test_login_002 : 47 : Entering username-->Admin
 2023-08-14 20:56:54,021 : INFO : Test_Login : test_login_002 : 51 : Entering Password -->admin123
 2023-08-14 20:56:54,183 : INFO : Test_Login : test_login_002 : 55 : Click on Login Button
 2023-08-14 20:56:59,468 : INFO : Test_Login : test_login_002 : 81 : Click on Menu Button 
 2023-08-14 20:57:00,667 : INFO : Test_Login : test_login_002 : 83 : Click on Logout Button
 2023-08-14 20:57:00,703 : INFO : Test_Login : test_login_002 : 89 : test_login_002 is completed
 2023-08-14 20:57:39,030 : INFO : Test_Login : test_Page_Title_001 : 21 : test_Page_Title_001 started
 2023-08-14 20:57:39,030 : INFO : Test_Login : test_Page_Title_001 : 22 : opening browser
 2023-08-14 20:57:39,973 : INFO : Test_Login : test_login_002 : 38 : test_login_002 is started
 2023-08-14 20:57:39,974 : INFO : Test_Login : test_login_002 : 39 : Opening Browser
 2023-08-14 20:57:57,702 : INFO : Test_Login : test_Page_Title_001 : 24 : Go to this Url-->https://opensource-demo.orangehrmlive.com/
 2023-08-14 20:57:57,711 : INFO : Test_Login : test_Page_Title_001 : 26 : test_Page_Title_001 is Passed
 2023-08-14 20:57:57,714 : INFO : Test_Login : test_Page_Title_001 : 27 : Page Title is-->OrangeHRM
 2023-08-14 20:57:57,969 : INFO : Test_Login : test_Page_Title_001 : 33 : test_Page_Title_001 is completed
 2023-08-14 20:57:59,567 : INFO : Test_Login : test_login_002 : 41 : Opening Url -->https://opensource-demo.orangehrmlive.com/
 2023-08-14 20:58:01,214 : INFO : Test_Login : test_login_002 : 47 : Entering username-->Admin
 2023-08-14 20:58:01,320 : INFO : Test_Login : test_login_002 : 51 : Entering Password -->admin123
 2023-08-14 20:58:03,069 : INFO : Test_Login : test_login_002 : 55 : Click on Login Button
 2023-08-14 20:58:08,332 : INFO : Test_Login : test_login_002 : 81 : Click on Menu Button 
 2023-08-14 20:58:10,078 : INFO : Test_Login : test_login_002 : 83 : Click on Logout Button
 2023-08-14 20:58:10,342 : INFO : Test_Login : test_login_002 : 89 : test_login_002 is completed
 2023-08-14 20:59:15,838 : INFO : Test_Login : test_Page_Title_001 : 21 : test_Page_Title_001 started
 2023-08-14 20:59:15,838 : INFO : Test_Login : test_Page_Title_001 : 22 : opening browser
 2023-08-14 20:59:34,670 : INFO : Test_Login : test_Page_Title_001 : 24 : Go to this Url-->https://opensource-demo.orangehrmlive.com/
 2023-08-14 20:59:34,679 : INFO : Test_Login : test_Page_Title_001 : 26 : test_Page_Title_001 is Passed
 2023-08-14 20:59:34,787 : INFO : Test_Login : test_Page_Title_001 : 27 : Page Title is-->OrangeHRM
 2023-08-14 20:59:35,052 : INFO : Test_Login : test_Page_Title_001 : 33 : test_Page_Title_001 is completed
 2023-08-14 21:01:16,263 : INFO : Test_Login : test_Page_Title_001 : 21 : test_Page_Title_001 started
 2023-08-14 21:01:16,263 : INFO : Test_Login : test_Page_Title_001 : 22 : opening browser
 2023-08-14 21:01:16,401 : INFO : Test_Login : test_login_002 : 38 : test_login_002 is started
 2023-08-14 21:01:16,401 : INFO : Test_Login : test_login_002 : 39 : Opening Browser
 2023-08-14 21:01:38,172 : INFO : Test_Login : test_login_002 : 41 : Opening Url -->https://opensource-demo.orangehrmlive.com/
 2023-08-14 21:01:39,269 : INFO : Test_Login : test_login_002 : 47 : Entering username-->Admin
 2023-08-14 21:01:39,433 : INFO : Test_Login : test_login_002 : 51 : Entering Password -->admin123
 2023-08-14 21:01:42,164 : INFO : Test_Login : test_login_002 : 55 : Click on Login Button
 2023-08-14 21:01:46,170 : INFO : Test_Login : test_Page_Title_001 : 24 : Go to this Url-->https://opensource-demo.orangehrmlive.com/
 2023-08-14 21:01:46,180 : INFO : Test_Login : test_Page_Title_001 : 26 : test_Page_Title_001 is Passed
 2023-08-14 21:01:46,187 : INFO : Test_Login : test_Page_Title_001 : 27 : Page Title is-->OrangeHRM
 2023-08-14 21:01:46,425 : INFO : Test_Login : test_Page_Title_001 : 33 : test_Page_Title_001 is completed
 2023-08-14 21:01:47,434 : INFO : Test_Login : test_login_002 : 81 : Click on Menu Button 
 2023-08-14 21:01:48,556 : INFO : Test_Login : test_login_002 : 83 : Click on Logout Button
 2023-08-14 21:01:48,727 : INFO : Test_Login : test_login_002 : 89 : test_login_002 is completed
 2023-08-14 21:11:41,211 : INFO : Test_Add_Employee : test_Add_Emp_003 : 18 : test_Add_Emp_003 is started
 2023-08-14 21:11:41,211 : INFO : Test_Add_Employee : test_Add_Emp_003 : 19 : Oening Browser
 2023-08-14 21:11:41,228 : INFO : Test_Login : test_Page_Title_001 : 21 : test_Page_Title_001 started
 2023-08-14 21:11:41,228 : INFO : Test_Login : test_Page_Title_001 : 22 : opening browser
 2023-08-14 21:11:55,806 : INFO : Test_Login : test_Page_Title_001 : 24 : Go to this Url-->https://opensource-demo.orangehrmlive.com/
 2023-08-14 21:11:55,815 : INFO : Test_Login : test_Page_Title_001 : 26 : test_Page_Title_001 is Passed
 2023-08-14 21:11:55,822 : INFO : Test_Login : test_Page_Title_001 : 27 : Page Title is-->OrangeHRM
 2023-08-14 21:11:55,843 : INFO : Test_Login : test_Page_Title_001 : 33 : test_Page_Title_001 is completed
 2023-08-14 21:12:00,157 : INFO : Test_Add_Employee : test_Add_Emp_003 : 21 : Opening_Url--->https://opensource-demo.orangehrmlive.com/
 2023-08-14 21:12:01,225 : INFO : Test_Add_Employee : test_Add_Emp_003 : 24 : Entering Username--->Admin
 2023-08-14 21:12:01,314 : INFO : Test_Add_Employee : test_Add_Emp_003 : 27 : Entering Password--->admin123
 2023-08-14 21:12:01,380 : INFO : Test_Add_Employee : test_Add_Emp_003 : 30 : Click Login Button
 2023-08-14 21:12:05,061 : INFO : Test_Add_Employee : test_Add_Emp_003 : 33 : Click PIM Button
 2023-08-14 21:12:07,494 : INFO : Test_Add_Employee : test_Add_Emp_003 : 35 : Click Add Customer Button
 2023-08-14 21:12:08,322 : INFO : Test_Add_Employee : test_Add_Emp_003 : 37 : Entering first name Jhon
 2023-08-14 21:12:08,447 : INFO : Test_Add_Employee : test_Add_Emp_003 : 39 : Entering Middle Name--jay
 2023-08-14 21:12:08,575 : INFO : Test_Add_Employee : test_Add_Emp_003 : 41 : Entering Lastname---bush
 2023-08-14 21:12:09,611 : INFO : Test_Add_Employee : test_Add_Emp_003 : 43 : Click on save Button
 2023-08-14 21:12:15,192 : INFO : Test_Add_Employee : test_Add_Emp_003 : 46 : test_Add_Emp_003 is Passed
 2023-08-14 21:12:15,234 : INFO : Test_Add_Employee : test_Add_Emp_003 : 53 : test_Add_Emp_003 is completed
 2023-08-14 21:12:16,771 : INFO : Test_Login : test_login_002 : 38 : test_login_002 is started
 2023-08-14 21:12:16,772 : INFO : Test_Login : test_login_002 : 39 : Opening Browser
 2023-08-14 21:12:29,995 : INFO : Test_Login : test_login_002 : 41 : Opening Url -->https://opensource-demo.orangehrmlive.com/
 2023-08-14 21:12:31,157 : INFO : Test_Login : test_login_002 : 47 : Entering username-->Admin
 2023-08-14 21:12:31,321 : INFO : Test_Login : test_login_002 : 51 : Entering Password -->admin123
 2023-08-14 21:12:31,421 : INFO : Test_Login : test_login_002 : 55 : Click on Login Button
 2023-08-14 21:12:36,738 : INFO : Test_Login : test_login_002 : 81 : Click on Menu Button 
 2023-08-14 21:12:37,982 : INFO : Test_Login : test_login_002 : 83 : Click on Logout Button
 2023-08-14 21:12:38,036 : INFO : Test_Login : test_login_002 : 89 : test_login_002 is completed
 2023-08-14 21:14:17,391 : INFO : Test_Add_Employee : test_Add_Emp_003 : 18 : test_Add_Emp_003 is started
 2023-08-14 21:14:17,392 : INFO : Test_Add_Employee : test_Add_Emp_003 : 19 : Oening Browser
 2023-08-14 21:14:18,305 : INFO : Test_Login : test_Page_Title_001 : 21 : test_Page_Title_001 started
 2023-08-14 21:14:18,306 : INFO : Test_Login : test_Page_Title_001 : 22 : opening browser
 2023-08-14 21:14:29,217 : INFO : Test_Login : test_Page_Title_001 : 24 : Go to this Url-->https://opensource-demo.orangehrmlive.com/
 2023-08-14 21:14:29,225 : INFO : Test_Login : test_Page_Title_001 : 26 : test_Page_Title_001 is Passed
 2023-08-14 21:14:29,233 : INFO : Test_Login : test_Page_Title_001 : 27 : Page Title is-->OrangeHRM
 2023-08-14 21:14:29,529 : INFO : Test_Login : test_Page_Title_001 : 33 : test_Page_Title_001 is completed
 2023-08-14 21:14:31,397 : INFO : Test_Add_Employee : test_Add_Emp_003 : 21 : Opening_Url--->https://opensource-demo.orangehrmlive.com/
 2023-08-14 21:14:32,460 : INFO : Test_Add_Employee : test_Add_Emp_003 : 24 : Entering Username--->Admin
 2023-08-14 21:14:32,559 : INFO : Test_Add_Employee : test_Add_Emp_003 : 27 : Entering Password--->admin123
 2023-08-14 21:14:32,654 : INFO : Test_Add_Employee : test_Add_Emp_003 : 30 : Click Login Button
 2023-08-14 21:14:36,941 : INFO : Test_Add_Employee : test_Add_Emp_003 : 33 : Click PIM Button
 2023-08-14 21:14:39,237 : INFO : Test_Add_Employee : test_Add_Emp_003 : 35 : Click Add Customer Button
 2023-08-14 21:14:39,901 : INFO : Test_Add_Employee : test_Add_Emp_003 : 37 : Entering first name Jhon
 2023-08-14 21:14:40,006 : INFO : Test_Add_Employee : test_Add_Emp_003 : 39 : Entering Middle Name--jay
 2023-08-14 21:14:40,101 : INFO : Test_Add_Employee : test_Add_Emp_003 : 41 : Entering Lastname---bush
 2023-08-14 21:14:41,050 : INFO : Test_Add_Employee : test_Add_Emp_003 : 43 : Click on save Button
 2023-08-14 21:14:46,789 : INFO : Test_Add_Employee : test_Add_Emp_003 : 46 : test_Add_Emp_003 is Passed
 2023-08-14 21:14:47,054 : INFO : Test_Add_Employee : test_Add_Emp_003 : 53 : test_Add_Emp_003 is completed
 2023-08-14 21:14:48,775 : INFO : Test_Login : test_login_002 : 38 : test_login_002 is started
 2023-08-14 21:14:48,781 : INFO : Test_Login : test_login_002 : 39 : Opening Browser
 2023-08-14 21:15:01,552 : INFO : Test_Login : test_login_002 : 41 : Opening Url -->https://opensource-demo.orangehrmlive.com/
 2023-08-14 21:15:03,166 : INFO : Test_Login : test_login_002 : 47 : Entering username-->Admin
 2023-08-14 21:15:03,272 : INFO : Test_Login : test_login_002 : 51 : Entering Password -->admin123
 2023-08-14 21:15:03,336 : INFO : Test_Login : test_login_002 : 55 : Click on Login Button
 2023-08-14 21:16:01,150 : INFO : Test_Add_Employee : test_Add_Emp_003 : 18 : test_Add_Emp_003 is started
 2023-08-14 21:16:01,150 : INFO : Test_Add_Employee : test_Add_Emp_003 : 19 : Oening Browser
 2023-08-14 21:16:01,342 : INFO : Test_Login : test_login_002 : 38 : test_login_002 is started
 2023-08-14 21:16:01,342 : INFO : Test_Login : test_login_002 : 39 : Opening Browser
 2023-08-14 21:16:02,297 : INFO : Test_Login : test_Page_Title_001 : 21 : test_Page_Title_001 started
 2023-08-14 21:16:02,297 : INFO : Test_Login : test_Page_Title_001 : 22 : opening browser
 2023-08-14 21:16:13,402 : INFO : Test_Login : test_login_002 : 41 : Opening Url -->https://opensource-demo.orangehrmlive.com/
 2023-08-14 21:16:14,340 : INFO : Test_Login : test_login_002 : 47 : Entering username-->Admin
 2023-08-14 21:16:14,472 : INFO : Test_Login : test_login_002 : 51 : Entering Password -->admin123
 2023-08-14 21:16:14,648 : INFO : Test_Add_Employee : test_Add_Emp_003 : 21 : Opening_Url--->https://opensource-demo.orangehrmlive.com/
 2023-08-14 21:16:15,960 : INFO : Test_Add_Employee : test_Add_Emp_003 : 24 : Entering Username--->Admin
 2023-08-14 21:16:16,112 : INFO : Test_Add_Employee : test_Add_Emp_003 : 27 : Entering Password--->admin123
 2023-08-14 21:16:16,205 : INFO : Test_Login : test_login_002 : 55 : Click on Login Button
 2023-08-14 21:16:18,215 : INFO : Test_Add_Employee : test_Add_Emp_003 : 30 : Click Login Button
 2023-08-14 21:16:20,720 : INFO : Test_Add_Employee : test_Add_Emp_003 : 33 : Click PIM Button
 2023-08-14 21:16:21,473 : INFO : Test_Login : test_Page_Title_001 : 24 : Go to this Url-->https://opensource-demo.orangehrmlive.com/
 2023-08-14 21:16:21,479 : INFO : Test_Login : test_Page_Title_001 : 26 : test_Page_Title_001 is Passed
 2023-08-14 21:16:21,486 : INFO : Test_Login : test_Page_Title_001 : 27 : Page Title is-->OrangeHRM
 2023-08-14 21:16:21,569 : INFO : Test_Login : test_login_002 : 81 : Click on Menu Button 
 2023-08-14 21:16:21,781 : INFO : Test_Login : test_Page_Title_001 : 33 : test_Page_Title_001 is completed
 2023-08-14 21:16:22,621 : INFO : Test_Add_Employee : test_Add_Emp_003 : 35 : Click Add Customer Button
 2023-08-14 21:16:22,762 : INFO : Test_Login : test_login_002 : 83 : Click on Logout Button
 2023-08-14 21:16:23,190 : INFO : Test_Login : test_login_002 : 89 : test_login_002 is completed
 2023-08-14 21:16:23,350 : INFO : Test_Add_Employee : test_Add_Emp_003 : 37 : Entering first name Jhon
 2023-08-14 21:16:23,447 : INFO : Test_Add_Employee : test_Add_Emp_003 : 39 : Entering Middle Name--jay
 2023-08-14 21:16:23,524 : INFO : Test_Add_Employee : test_Add_Emp_003 : 41 : Entering Lastname---bush
 2023-08-14 21:16:24,282 : INFO : Test_Add_Employee : test_Add_Emp_003 : 43 : Click on save Button
 2023-08-14 21:16:29,151 : INFO : Test_Add_Employee : test_Add_Emp_003 : 46 : test_Add_Emp_003 is Passed
 2023-08-14 21:16:29,477 : INFO : Test_Add_Employee : test_Add_Emp_003 : 53 : test_Add_Emp_003 is completed
 2023-08-14 21:54:00,084 : INFO : Test_Login : test_login_params_004 : 20 : test_login_params_004 is started
 2023-08-14 21:54:00,084 : INFO : Test_Login : test_login_params_004 : 21 : Opening Browser
 2023-08-14 21:54:12,133 : INFO : Test_Login : test_login_params_004 : 23 : Opening Url -->https://opensource-demo.orangehrmlive.com/
 2023-08-14 21:54:13,218 : INFO : Test_Login : test_login_params_004 : 30 : Entering username-->Admin
 2023-08-14 21:54:13,320 : INFO : Test_Login : test_login_params_004 : 36 : Entering pasword-->admin123
 2023-08-14 21:54:13,393 : INFO : Test_Login : test_login_params_004 : 41 : Click on Login Button
 2023-08-14 21:54:16,180 : INFO : Test_Login : test_login_params_004 : 69 : Click on Menu Button 
 2023-08-14 21:54:19,069 : INFO : Test_Login : test_login_params_004 : 71 : Click on Logout Button
 2023-08-14 21:54:19,069 : INFO : Test_Login : test_login_params_004 : 72 : test_login_params_004 passed
 2023-08-14 21:54:19,069 : INFO : Test_Login : test_login_params_004 : 101 : test_login_params_004 is Passed
 2023-08-14 21:54:19,089 : INFO : Test_Login : test_login_params_004 : 106 : test_login_002 is completed
 2023-08-14 21:54:20,553 : INFO : Test_Login : test_login_params_004 : 20 : test_login_params_004 is started
 2023-08-14 21:54:20,554 : INFO : Test_Login : test_login_params_004 : 21 : Opening Browser
 2023-08-14 21:54:32,623 : INFO : Test_Login : test_login_params_004 : 23 : Opening Url -->https://opensource-demo.orangehrmlive.com/
 2023-08-14 21:54:33,879 : INFO : Test_Login : test_login_params_004 : 30 : Entering username-->Admin1
 2023-08-14 21:54:33,975 : INFO : Test_Login : test_login_params_004 : 36 : Entering pasword-->admin123
 2023-08-14 21:54:34,028 : INFO : Test_Login : test_login_params_004 : 41 : Click on Login Button
 2023-08-14 21:54:56,969 : INFO : Test_Login : test_login_params_004 : 20 : test_login_params_004 is started
 2023-08-14 21:54:56,969 : INFO : Test_Login : test_login_params_004 : 21 : Opening Browser
 2023-08-14 21:55:11,355 : INFO : Test_Login : test_login_params_004 : 23 : Opening Url -->https://opensource-demo.orangehrmlive.com/
 2023-08-14 21:55:12,873 : INFO : Test_Login : test_login_params_004 : 30 : Entering username-->Admin
 2023-08-14 21:55:12,965 : INFO : Test_Login : test_login_params_004 : 36 : Entering pasword-->admin1231
 2023-08-14 21:55:13,018 : INFO : Test_Login : test_login_params_004 : 41 : Click on Login Button
 2023-08-14 21:55:36,654 : INFO : Test_Login : test_login_params_004 : 20 : test_login_params_004 is started
 2023-08-14 21:55:36,654 : INFO : Test_Login : test_login_params_004 : 21 : Opening Browser
 2023-08-14 21:55:46,379 : INFO : Test_Login : test_login_params_004 : 23 : Opening Url -->https://opensource-demo.orangehrmlive.com/
 2023-08-14 21:55:47,333 : INFO : Test_Login : test_login_params_004 : 30 : Entering username-->Admin1
 2023-08-14 21:55:47,444 : INFO : Test_Login : test_login_params_004 : 36 : Entering pasword-->admin1231
 2023-08-14 21:55:47,503 : INFO : Test_Login : test_login_params_004 : 41 : Click on Login Button
 2023-08-14 22:14:53,812 : INFO : Test_Login : test_login_params_004 : 20 : test_login_params_004 is started
 2023-08-14 22:14:53,812 : INFO : Test_Login : test_login_params_004 : 21 : Opening Browser
 2023-08-14 22:15:02,136 : INFO : Test_Login : test_login_params_004 : 23 : Opening Url -->https://opensource-demo.orangehrmlive.com/
 2023-08-14 22:15:03,110 : INFO : Test_Login : test_login_params_004 : 30 : Entering username-->Admin
 2023-08-14 22:15:03,247 : INFO : Test_Login : test_login_params_004 : 36 : Entering pasword-->admin123
 2023-08-14 22:15:03,311 : INFO : Test_Login : test_login_params_004 : 41 : Click on Login Button
 2023-08-14 22:15:05,676 : INFO : Test_Login : test_login_params_004 : 69 : Click on Menu Button 
 2023-08-14 22:15:09,451 : INFO : Test_Login : test_login_params_004 : 71 : Click on Logout Button
 2023-08-14 22:15:09,451 : INFO : Test_Login : test_login_params_004 : 72 : test_login_params_004 passed
 2023-08-14 22:15:09,452 : INFO : Test_Login : test_login_params_004 : 97 : test_login_params_004 is Passed
 2023-08-14 22:15:09,698 : INFO : Test_Login : test_login_params_004 : 102 : test_login_002 is completed
 2023-08-14 22:15:11,430 : INFO : Test_Login : test_login_params_004 : 20 : test_login_params_004 is started
 2023-08-14 22:15:11,430 : INFO : Test_Login : test_login_params_004 : 21 : Opening Browser
 2023-08-14 22:15:21,615 : INFO : Test_Login : test_login_params_004 : 23 : Opening Url -->https://opensource-demo.orangehrmlive.com/
 2023-08-14 22:15:22,856 : INFO : Test_Login : test_login_params_004 : 30 : Entering username-->Admin1
 2023-08-14 22:15:22,972 : INFO : Test_Login : test_login_params_004 : 36 : Entering pasword-->admin123
 2023-08-14 22:15:23,034 : INFO : Test_Login : test_login_params_004 : 41 : Click on Login Button
 2023-08-14 22:15:34,330 : INFO : Test_Login : test_login_params_004 : 92 : test_login_params_004 passed
 2023-08-14 22:15:34,330 : INFO : Test_Login : test_login_params_004 : 97 : test_login_params_004 is Passed
 2023-08-14 22:15:34,471 : INFO : Test_Login : test_login_params_004 : 102 : test_login_002 is completed
 2023-08-14 22:15:36,234 : INFO : Test_Login : test_login_params_004 : 20 : test_login_params_004 is started
 2023-08-14 22:15:36,234 : INFO : Test_Login : test_login_params_004 : 21 : Opening Browser
 2023-08-14 22:15:50,017 : INFO : Test_Login : test_login_params_004 : 23 : Opening Url -->https://opensource-demo.orangehrmlive.com/
 2023-08-14 22:15:51,727 : INFO : Test_Login : test_login_params_004 : 30 : Entering username-->Admin
 2023-08-14 22:15:51,821 : INFO : Test_Login : test_login_params_004 : 36 : Entering pasword-->admin1231
 2023-08-14 22:15:53,520 : INFO : Test_Login : test_login_params_004 : 41 : Click on Login Button
 2023-08-14 22:16:03,676 : INFO : Test_Login : test_login_params_004 : 92 : test_login_params_004 passed
 2023-08-14 22:16:03,676 : INFO : Test_Login : test_login_params_004 : 97 : test_login_params_004 is Passed
 2023-08-14 22:16:03,821 : INFO : Test_Login : test_login_params_004 : 102 : test_login_002 is completed
 2023-08-14 22:16:05,495 : INFO : Test_Login : test_login_params_004 : 20 : test_login_params_004 is started
 2023-08-14 22:16:05,495 : INFO : Test_Login : test_login_params_004 : 21 : Opening Browser
 2023-08-14 22:16:19,056 : INFO : Test_Login : test_login_params_004 : 23 : Opening Url -->https://opensource-demo.orangehrmlive.com/
 2023-08-14 22:16:20,522 : INFO : Test_Login : test_login_params_004 : 30 : Entering username-->Admin1
 2023-08-14 22:16:20,629 : INFO : Test_Login : test_login_params_004 : 36 : Entering pasword-->admin1231
 2023-08-14 22:16:20,691 : INFO : Test_Login : test_login_params_004 : 41 : Click on Login Button
 2023-08-14 22:16:32,933 : INFO : Test_Login : test_login_params_004 : 92 : test_login_params_004 passed
 2023-08-14 22:16:32,933 : INFO : Test_Login : test_login_params_004 : 97 : test_login_params_004 is Passed
 2023-08-14 22:16:33,121 : INFO : Test_Login : test_login_params_004 : 102 : test_login_002 is completed
 2023-08-15 11:14:48,124 : INFO : Test_Login : test_login_params_004 : 20 : test_login_params_004 is started
 2023-08-15 11:14:48,124 : INFO : Test_Login : test_login_params_004 : 21 : Opening Browser
 2023-08-15 11:14:48,170 : INFO : Test_Login : test_login_params_004 : 20 : test_login_params_004 is started
 2023-08-15 11:14:48,171 : INFO : Test_Login : test_login_params_004 : 21 : Opening Browser
 2023-08-15 11:14:58,776 : INFO : Test_Login : test_login_params_004 : 23 : Opening Url -->https://opensource-demo.orangehrmlive.com/
 2023-08-15 11:14:58,792 : INFO : Test_Login : test_login_params_004 : 23 : Opening Url -->https://opensource-demo.orangehrmlive.com/
 2023-08-15 11:15:01,060 : INFO : Test_Login : test_login_params_004 : 30 : Entering username-->Admin
 2023-08-15 11:15:01,290 : INFO : Test_Login : test_login_params_004 : 30 : Entering username-->Admin
 2023-08-15 11:15:01,370 : INFO : Test_Login : test_login_params_004 : 36 : Entering pasword-->admin1231
 2023-08-15 11:15:01,421 : INFO : Test_Login : test_login_params_004 : 36 : Entering pasword-->admin123
 2023-08-15 11:15:01,451 : INFO : Test_Login : test_login_params_004 : 41 : Click on Login Button
 2023-08-15 11:15:01,513 : INFO : Test_Login : test_login_params_004 : 41 : Click on Login Button
 2023-08-15 11:15:04,969 : INFO : Test_Login : test_login_params_004 : 69 : Click on Menu Button 
 2023-08-15 11:15:06,465 : INFO : Test_Login : test_login_params_004 : 71 : Click on Logout Button
 2023-08-15 11:15:06,465 : INFO : Test_Login : test_login_params_004 : 72 : test_login_params_004 passed
 2023-08-15 11:15:06,465 : INFO : Test_Login : test_login_params_004 : 97 : test_login_params_004 is Passed
 2023-08-15 11:15:06,564 : INFO : Test_Login : test_login_params_004 : 102 : test_login_002 is completed
 2023-08-15 11:15:08,283 : INFO : Test_Login : test_login_params_004 : 20 : test_login_params_004 is started
 2023-08-15 11:15:08,283 : INFO : Test_Login : test_login_params_004 : 21 : Opening Browser
 2023-08-15 11:15:13,131 : INFO : Test_Login : test_login_params_004 : 92 : test_login_params_004 passed
 2023-08-15 11:15:13,131 : INFO : Test_Login : test_login_params_004 : 97 : test_login_params_004 is Passed
 2023-08-15 11:15:13,475 : INFO : Test_Login : test_login_params_004 : 102 : test_login_002 is completed
 2023-08-15 11:15:15,267 : INFO : Test_Login : test_login_params_004 : 20 : test_login_params_004 is started
 2023-08-15 11:15:15,267 : INFO : Test_Login : test_login_params_004 : 21 : Opening Browser
 2023-08-15 11:15:15,522 : INFO : Test_Login : test_login_params_004 : 23 : Opening Url -->https://opensource-demo.orangehrmlive.com/
 2023-08-15 11:15:16,603 : INFO : Test_Login : test_login_params_004 : 30 : Entering username-->Admin1
 2023-08-15 11:15:16,743 : INFO : Test_Login : test_login_params_004 : 36 : Entering pasword-->admin123
 2023-08-15 11:15:18,541 : INFO : Test_Login : test_login_params_004 : 41 : Click on Login Button
 2023-08-15 11:15:24,915 : INFO : Test_Login : test_login_params_004 : 23 : Opening Url -->https://opensource-demo.orangehrmlive.com/
 2023-08-15 11:15:25,916 : INFO : Test_Login : test_login_params_004 : 30 : Entering username-->Admin1
 2023-08-15 11:15:26,028 : INFO : Test_Login : test_login_params_004 : 36 : Entering pasword-->admin1231
 2023-08-15 11:15:27,518 : INFO : Test_Login : test_login_params_004 : 41 : Click on Login Button
 2023-08-15 11:15:28,736 : INFO : Test_Login : test_login_params_004 : 92 : test_login_params_004 passed
 2023-08-15 11:15:28,736 : INFO : Test_Login : test_login_params_004 : 97 : test_login_params_004 is Passed
 2023-08-15 11:15:28,892 : INFO : Test_Login : test_login_params_004 : 102 : test_login_002 is completed
 2023-08-15 11:15:37,792 : INFO : Test_Login : test_login_params_004 : 92 : test_login_params_004 passed
 2023-08-15 11:15:37,793 : INFO : Test_Login : test_login_params_004 : 97 : test_login_params_004 is Passed
 2023-08-15 11:15:38,372 : INFO : Test_Login : test_login_params_004 : 102 : test_login_002 is completed
 2023-08-15 12:55:58,739 : INFO : Test_Login_DDT : test_Login_DDT_005 : 18 : test_Login_DDT_005 is started
 2023-08-15 12:55:58,740 : INFO : Test_Login_DDT : test_Login_DDT_005 : 19 : opening browser
 2023-08-15 12:56:14,760 : INFO : Test_Login_DDT : test_Login_DDT_005 : 21 : Opening Url-->https://opensource-demo.orangehrmlive.com/
 2023-08-15 13:00:50,224 : INFO : Test_Login_DDT : test_Login_DDT_005 : 18 : test_Login_DDT_005 is started
 2023-08-15 13:00:50,224 : INFO : Test_Login_DDT : test_Login_DDT_005 : 19 : opening browser
 2023-08-15 13:00:58,877 : INFO : Test_Login_DDT : test_Login_DDT_005 : 21 : Opening Url-->https://opensource-demo.orangehrmlive.com/
 2023-08-15 13:01:00,212 : INFO : Test_Login_DDT : test_Login_DDT_005 : 31 : Entering Username--->admin@yourstore.com
 2023-08-15 13:01:00,330 : INFO : Test_Login_DDT : test_Login_DDT_005 : 33 : Entering Password--->admin
 2023-08-15 13:01:01,652 : INFO : Test_Login_DDT : test_Login_DDT_005 : 35 : Click on Login Button
 2023-08-15 13:51:38,985 : INFO : Test_Login_DDT : test_Login_DDT_005 : 18 : test_Login_DDT_005 is started
 2023-08-15 13:51:38,985 : INFO : Test_Login_DDT : test_Login_DDT_005 : 19 : opening browser
 2023-08-15 13:51:55,377 : INFO : Test_Login_DDT : test_Login_DDT_005 : 21 : Opening Url-->https://opensource-demo.orangehrmlive.com/
 2023-08-15 13:51:56,686 : INFO : Test_Login_DDT : test_Login_DDT_005 : 31 : Entering Username--->Admin
 2023-08-15 13:51:56,796 : INFO : Test_Login_DDT : test_Login_DDT_005 : 33 : Entering Password--->admin123
 2023-08-15 13:51:58,584 : INFO : Test_Login_DDT : test_Login_DDT_005 : 35 : Click on Login Button
 2023-08-15 13:51:59,345 : INFO : Test_Login_DDT : test_Login_DDT_005 : 40 : Click on Menu Button
 2023-08-15 13:52:01,784 : INFO : Test_Login_DDT : test_Login_DDT_005 : 42 : Click on Logout Button
 2023-08-15 13:52:02,272 : INFO : Test_Login_DDT : test_Login_DDT_005 : 31 : Entering Username--->Admin1
 2023-08-15 13:52:02,371 : INFO : Test_Login_DDT : test_Login_DDT_005 : 33 : Entering Password--->admin123
 2023-08-15 13:52:02,420 : INFO : Test_Login_DDT : test_Login_DDT_005 : 35 : Click on Login Button
 2023-08-15 13:55:58,467 : INFO : Test_Login_DDT : test_Login_DDT_005 : 18 : test_Login_DDT_005 is started
 2023-08-15 13:55:58,468 : INFO : Test_Login_DDT : test_Login_DDT_005 : 19 : opening browser
 2023-08-15 13:56:05,952 : INFO : Test_Login_DDT : test_Login_DDT_005 : 21 : Opening Url-->https://opensource-demo.orangehrmlive.com/
 2023-08-15 13:56:06,905 : INFO : Test_Login_DDT : test_Login_DDT_005 : 31 : Entering Username--->Admin
 2023-08-15 13:56:07,011 : INFO : Test_Login_DDT : test_Login_DDT_005 : 33 : Entering Password--->admin123
 2023-08-15 13:56:08,550 : INFO : Test_Login_DDT : test_Login_DDT_005 : 35 : Click on Login Button
 2023-08-15 13:56:09,140 : INFO : Test_Login_DDT : test_Login_DDT_005 : 40 : Click on Menu Button
 2023-08-15 13:56:11,172 : INFO : Test_Login_DDT : test_Login_DDT_005 : 42 : Click on Logout Button
 2023-08-15 13:56:47,039 : INFO : Test_Login_DDT : test_Login_DDT_005 : 18 : test_Login_DDT_005 is started
 2023-08-15 13:56:47,040 : INFO : Test_Login_DDT : test_Login_DDT_005 : 19 : opening browser
 2023-08-15 13:56:54,510 : INFO : Test_Login_DDT : test_Login_DDT_005 : 21 : Opening Url-->https://opensource-demo.orangehrmlive.com/
 2023-08-15 13:56:55,381 : INFO : Test_Login_DDT : test_Login_DDT_005 : 31 : Entering Username--->Admin
 2023-08-15 13:56:55,483 : INFO : Test_Login_DDT : test_Login_DDT_005 : 33 : Entering Password--->admin123
 2023-08-15 13:56:57,167 : INFO : Test_Login_DDT : test_Login_DDT_005 : 35 : Click on Login Button
 2023-08-15 13:56:57,896 : INFO : Test_Login_DDT : test_Login_DDT_005 : 40 : Click on Menu Button
 2023-08-15 13:57:00,024 : INFO : Test_Login_DDT : test_Login_DDT_005 : 42 : Click on Logout Button
 2023-08-15 13:57:00,495 : INFO : Test_Login_DDT : test_Login_DDT_005 : 31 : Entering Username--->Admin1
 2023-08-15 13:57:00,590 : INFO : Test_Login_DDT : test_Login_DDT_005 : 33 : Entering Password--->admin123
 2023-08-15 13:57:00,638 : INFO : Test_Login_DDT : test_Login_DDT_005 : 35 : Click on Login Button
 2023-08-15 14:13:41,307 : INFO : Test_Login_DDT : test_Login_DDT_005 : 18 : test_Login_DDT_005 is started
 2023-08-15 14:13:41,307 : INFO : Test_Login_DDT : test_Login_DDT_005 : 19 : opening browser
 2023-08-15 14:13:47,496 : INFO : Test_Login_DDT : test_Login_DDT_005 : 21 : Opening Url-->https://opensource-demo.orangehrmlive.com/
 2023-08-15 14:16:22,311 : INFO : Test_Login_DDT : test_Login_DDT_005 : 18 : test_Login_DDT_005 is started
 2023-08-15 14:16:22,312 : INFO : Test_Login_DDT : test_Login_DDT_005 : 19 : opening browser
 2023-08-15 14:16:31,147 : INFO : Test_Login_DDT : test_Login_DDT_005 : 21 : Opening Url-->https://opensource-demo.orangehrmlive.com/
 2023-08-15 14:23:09,628 : INFO : Test_Login_DDT : test_Login_DDT_005 : 18 : test_Login_DDT_005 is started
 2023-08-15 14:23:09,628 : INFO : Test_Login_DDT : test_Login_DDT_005 : 19 : opening browser
 2023-08-15 14:23:17,731 : INFO : Test_Login_DDT : test_Login_DDT_005 : 21 : Opening Url-->https://opensource-demo.orangehrmlive.com/
 2023-08-15 14:23:18,570 : INFO : Test_Login_DDT : test_Login_DDT_005 : 32 : Entering Username--->Admin
 2023-08-15 14:23:18,673 : INFO : Test_Login_DDT : test_Login_DDT_005 : 34 : Entering Password--->admin123
 2023-08-15 14:23:20,073 : INFO : Test_Login_DDT : test_Login_DDT_005 : 36 : Click on Login Button
 2023-08-15 14:23:20,634 : INFO : Test_Login_DDT : test_Login_DDT_005 : 42 : Click on Menu Button
 2023-08-15 14:23:22,720 : INFO : Test_Login_DDT : test_Login_DDT_005 : 44 : Click on Logout Button
 2023-08-15 14:23:23,252 : INFO : Test_Login_DDT : test_Login_DDT_005 : 32 : Entering Username--->Admin1
 2023-08-15 14:23:23,347 : INFO : Test_Login_DDT : test_Login_DDT_005 : 34 : Entering Password--->admin123
 2023-08-15 14:23:23,391 : INFO : Test_Login_DDT : test_Login_DDT_005 : 36 : Click on Login Button
 2023-08-15 14:33:27,893 : INFO : Test_Login_DDT : test_Login_DDT_005 : 18 : test_Login_DDT_005 is started
 2023-08-15 14:33:27,894 : INFO : Test_Login_DDT : test_Login_DDT_005 : 19 : opening browser
 2023-08-15 14:33:35,096 : INFO : Test_Login_DDT : test_Login_DDT_005 : 21 : Opening Url-->https://opensource-demo.orangehrmlive.com/
 2023-08-15 14:33:35,954 : INFO : Test_Login_DDT : test_Login_DDT_005 : 32 : Entering Username--->Admin
 2023-08-15 14:33:36,062 : INFO : Test_Login_DDT : test_Login_DDT_005 : 34 : Entering Password--->admin123
 2023-08-15 14:33:37,785 : INFO : Test_Login_DDT : test_Login_DDT_005 : 36 : Click on Login Button
 2023-08-15 14:33:38,336 : INFO : Test_Login_DDT : test_Login_DDT_005 : 42 : Click on Menu Button
 2023-08-15 14:33:40,600 : INFO : Test_Login_DDT : test_Login_DDT_005 : 44 : Click on Logout Button
 2023-08-15 14:33:41,046 : INFO : Test_Login_DDT : test_Login_DDT_005 : 32 : Entering Username--->Admin1
 2023-08-15 14:33:41,142 : INFO : Test_Login_DDT : test_Login_DDT_005 : 34 : Entering Password--->admin123
 2023-08-15 14:33:41,191 : INFO : Test_Login_DDT : test_Login_DDT_005 : 36 : Click on Login Button
 2023-08-15 14:37:20,443 : INFO : Test_Login_DDT : test_Login_DDT_005 : 18 : test_Login_DDT_005 is started
 2023-08-15 14:37:20,444 : INFO : Test_Login_DDT : test_Login_DDT_005 : 19 : opening browser
 2023-08-15 14:37:27,369 : INFO : Test_Login_DDT : test_Login_DDT_005 : 21 : Opening Url-->https://opensource-demo.orangehrmlive.com/
 2023-08-15 14:37:28,177 : INFO : Test_Login_DDT : test_Login_DDT_005 : 32 : Entering Username--->Admin
 2023-08-15 14:37:28,278 : INFO : Test_Login_DDT : test_Login_DDT_005 : 34 : Entering Password--->admin123
 2023-08-15 14:37:29,679 : INFO : Test_Login_DDT : test_Login_DDT_005 : 36 : Click on Login Button
 2023-08-15 14:37:30,707 : INFO : Test_Login_DDT : test_Login_DDT_005 : 42 : Click on Menu Button
 2023-08-15 14:37:34,265 : INFO : Test_Login_DDT : test_Login_DDT_005 : 44 : Click on Logout Button
 2023-08-15 14:37:34,729 : INFO : Test_Login_DDT : test_Login_DDT_005 : 32 : Entering Username--->Admin1
 2023-08-15 14:37:34,829 : INFO : Test_Login_DDT : test_Login_DDT_005 : 34 : Entering Password--->admin123
 2023-08-15 14:37:34,877 : INFO : Test_Login_DDT : test_Login_DDT_005 : 36 : Click on Login Button
 2023-08-15 14:37:46,160 : INFO : Test_Login_DDT : test_Login_DDT_005 : 32 : Entering Username--->Admin
 2023-08-15 14:37:46,257 : INFO : Test_Login_DDT : test_Login_DDT_005 : 34 : Entering Password--->admin1231
 2023-08-15 14:37:46,321 : INFO : Test_Login_DDT : test_Login_DDT_005 : 36 : Click on Login Button
 2023-08-15 14:37:57,780 : INFO : Test_Login_DDT : test_Login_DDT_005 : 32 : Entering Username--->Admin1
 2023-08-15 14:37:57,897 : INFO : Test_Login_DDT : test_Login_DDT_005 : 34 : Entering Password--->admin1231
 2023-08-15 14:37:57,940 : INFO : Test_Login_DDT : test_Login_DDT_005 : 36 : Click on Login Button
 2023-08-15 14:38:09,424 : INFO : Test_Login_DDT : test_Login_DDT_005 : 71 : test_Login_DDT_005 is Passed
 2023-08-15 14:38:09,651 : INFO : Test_Login_DDT : test_Login_DDT_005 : 77 : test_Login_DDT_005 iscompleted
 2023-08-15 14:39:38,830 : INFO : Test_Login_DDT : test_Login_DDT_005 : 18 : test_Login_DDT_005 is started
 2023-08-15 14:39:38,831 : INFO : Test_Login_DDT : test_Login_DDT_005 : 19 : opening browser
 2023-08-15 14:39:45,810 : INFO : Test_Login_DDT : test_Login_DDT_005 : 21 : Opening Url-->https://opensource-demo.orangehrmlive.com/
 2023-08-15 14:39:46,651 : INFO : Test_Login_DDT : test_Login_DDT_005 : 32 : Entering Username--->Admin
 2023-08-15 14:39:46,754 : INFO : Test_Login_DDT : test_Login_DDT_005 : 34 : Entering Password--->admin123
 2023-08-15 14:39:48,448 : INFO : Test_Login_DDT : test_Login_DDT_005 : 36 : Click on Login Button
 2023-08-15 14:39:49,495 : INFO : Test_Login_DDT : test_Login_DDT_005 : 42 : Click on Menu Button
 2023-08-15 14:39:50,972 : INFO : Test_Login_DDT : test_Login_DDT_005 : 44 : Click on Logout Button
 2023-08-15 14:40:11,788 : INFO : Test_Login_DDT : test_Login_DDT_005 : 18 : test_Login_DDT_005 is started
 2023-08-15 14:40:11,788 : INFO : Test_Login_DDT : test_Login_DDT_005 : 19 : opening browser
 2023-08-15 14:40:18,158 : INFO : Test_Login_DDT : test_Login_DDT_005 : 21 : Opening Url-->https://opensource-demo.orangehrmlive.com/
 2023-08-15 14:40:18,998 : INFO : Test_Login_DDT : test_Login_DDT_005 : 32 : Entering Username--->Admin
 2023-08-15 14:40:19,103 : INFO : Test_Login_DDT : test_Login_DDT_005 : 34 : Entering Password--->admin123
 2023-08-15 14:40:19,192 : INFO : Test_Login_DDT : test_Login_DDT_005 : 36 : Click on Login Button
 2023-08-15 14:40:21,754 : INFO : Test_Login_DDT : test_Login_DDT_005 : 42 : Click on Menu Button
 2023-08-15 14:40:22,890 : INFO : Test_Login_DDT : test_Login_DDT_005 : 44 : Click on Logout Button
 2023-08-15 14:40:23,789 : INFO : Test_Login_DDT : test_Login_DDT_005 : 32 : Entering Username--->Admin1
 2023-08-15 14:40:23,884 : INFO : Test_Login_DDT : test_Login_DDT_005 : 34 : Entering Password--->admin123
 2023-08-15 14:40:23,923 : INFO : Test_Login_DDT : test_Login_DDT_005 : 36 : Click on Login Button
 2023-08-15 14:40:35,116 : INFO : Test_Login_DDT : test_Login_DDT_005 : 32 : Entering Username--->Admin
 2023-08-15 14:40:35,188 : INFO : Test_Login_DDT : test_Login_DDT_005 : 34 : Entering Password--->admin1231
 2023-08-15 14:40:35,234 : INFO : Test_Login_DDT : test_Login_DDT_005 : 36 : Click on Login Button
 2023-08-15 14:40:46,604 : INFO : Test_Login_DDT : test_Login_DDT_005 : 32 : Entering Username--->Admin1
 2023-08-15 14:40:46,702 : INFO : Test_Login_DDT : test_Login_DDT_005 : 34 : Entering Password--->admin1231
 2023-08-15 14:40:46,747 : INFO : Test_Login_DDT : test_Login_DDT_005 : 36 : Click on Login Button
 2023-08-15 14:40:58,565 : INFO : Test_Login_DDT : test_Login_DDT_005 : 74 : test_Login_DDT_005 is Failed
 2023-08-15 19:09:31,376 : INFO : Test_Login : test_Page_Title_001 : 22 : test_Page_Title_001 started
 2023-08-15 19:09:31,376 : INFO : Test_Login : test_Page_Title_001 : 22 : test_Page_Title_001 started
 2023-08-15 19:09:31,448 : INFO : Test_Login : test_Page_Title_001 : 23 : opening browser
 2023-08-15 19:09:31,448 : INFO : Test_Login : test_Page_Title_001 : 23 : opening browser
 2023-08-15 19:09:45,349 : INFO : Test_Login : test_Page_Title_001 : 25 : Go to this Url-->https://opensource-demo.orangehrmlive.com/
 2023-08-15 19:09:45,349 : INFO : Test_Login : test_Page_Title_001 : 25 : Go to this Url-->https://opensource-demo.orangehrmlive.com/
 2023-08-15 19:09:45,374 : INFO : Test_Login : test_Page_Title_001 : 27 : test_Page_Title_001 is Passed
 2023-08-15 19:09:45,374 : INFO : Test_Login : test_Page_Title_001 : 27 : test_Page_Title_001 is Passed
 2023-08-15 19:09:45,387 : INFO : Test_Login : test_Page_Title_001 : 28 : Page Title is-->OrangeHRM
 2023-08-15 19:09:45,387 : INFO : Test_Login : test_Page_Title_001 : 28 : Page Title is-->OrangeHRM
 2023-08-15 19:09:45,629 : INFO : Test_Login : test_Page_Title_001 : 34 : test_Page_Title_001 is completed
 2023-08-15 19:09:45,629 : INFO : Test_Login : test_Page_Title_001 : 34 : test_Page_Title_001 is completed
 2023-08-15 19:10:10,928 : INFO : Test_Login : test_login_002 : 39 : test_login_002 is started
 2023-08-15 19:10:10,928 : INFO : Test_Login : test_login_002 : 39 : test_login_002 is started
 2023-08-15 19:10:10,929 : INFO : Test_Login : test_login_002 : 40 : Opening Browser
 2023-08-15 19:10:10,929 : INFO : Test_Login : test_login_002 : 40 : Opening Browser
 2023-08-15 19:10:24,406 : INFO : Test_Login : test_login_002 : 42 : Opening Url -->https://opensource-demo.orangehrmlive.com/
 2023-08-15 19:10:24,406 : INFO : Test_Login : test_login_002 : 42 : Opening Url -->https://opensource-demo.orangehrmlive.com/
 2023-08-15 19:10:25,611 : INFO : Test_Login : test_login_002 : 48 : Entering username-->Admin
 2023-08-15 19:10:25,611 : INFO : Test_Login : test_login_002 : 48 : Entering username-->Admin
 2023-08-15 19:10:25,880 : INFO : Test_Login : test_login_002 : 52 : Entering Password -->admin123
 2023-08-15 19:10:25,880 : INFO : Test_Login : test_login_002 : 52 : Entering Password -->admin123
 2023-08-15 19:10:26,037 : INFO : Test_Login : test_login_002 : 56 : Click on Login Button
 2023-08-15 19:10:26,037 : INFO : Test_Login : test_login_002 : 56 : Click on Login Button
 2023-08-15 19:10:31,396 : INFO : Test_Login : test_login_002 : 82 : Click on Menu Button 
 2023-08-15 19:10:31,396 : INFO : Test_Login : test_login_002 : 82 : Click on Menu Button 
 2023-08-15 19:10:32,502 : INFO : Test_Login : test_login_002 : 84 : Click on Logout Button
 2023-08-15 19:10:32,502 : INFO : Test_Login : test_login_002 : 84 : Click on Logout Button
 2023-08-15 19:10:32,591 : INFO : Test_Login : test_login_002 : 90 : test_login_002 is completed
 2023-08-15 19:10:32,591 : INFO : Test_Login : test_login_002 : 90 : test_login_002 is completed
 2023-08-15 19:26:51,440 : INFO : Test_Login : test_login_002 : 39 : test_login_002 is started
 2023-08-15 19:26:51,440 : INFO : Test_Login : test_login_002 : 39 : test_login_002 is started
 2023-08-15 19:26:51,441 : INFO : Test_Login : test_login_002 : 40 : Opening Browser
 2023-08-15 19:26:51,441 : INFO : Test_Login : test_login_002 : 40 : Opening Browser
 2023-08-15 19:26:58,045 : INFO : Test_Login : test_login_002 : 42 : Opening Url -->https://opensource-demo.orangehrmlive.com/
 2023-08-15 19:26:58,045 : INFO : Test_Login : test_login_002 : 42 : Opening Url -->https://opensource-demo.orangehrmlive.com/
 2023-08-15 19:26:59,347 : INFO : Test_Login : test_login_002 : 48 : Entering username-->Admin
 2023-08-15 19:26:59,347 : INFO : Test_Login : test_login_002 : 48 : Entering username-->Admin
 2023-08-15 19:26:59,465 : INFO : Test_Login : test_login_002 : 52 : Entering Password -->admin123
 2023-08-15 19:26:59,465 : INFO : Test_Login : test_login_002 : 52 : Entering Password -->admin123
 2023-08-15 19:27:01,464 : INFO : Test_Login : test_login_002 : 56 : Click on Login Button
 2023-08-15 19:27:01,464 : INFO : Test_Login : test_login_002 : 56 : Click on Login Button
 2023-08-15 19:27:06,792 : INFO : Test_Login : test_login_002 : 82 : Click on Menu Button 
 2023-08-15 19:27:06,792 : INFO : Test_Login : test_login_002 : 82 : Click on Menu Button 
 2023-08-15 19:27:08,060 : INFO : Test_Login : test_login_002 : 84 : Click on Logout Button
 2023-08-15 19:27:08,060 : INFO : Test_Login : test_login_002 : 84 : Click on Logout Button
 2023-08-15 19:27:08,223 : INFO : Test_Login : test_login_002 : 90 : test_login_002 is completed
 2023-08-15 19:27:08,223 : INFO : Test_Login : test_login_002 : 90 : test_login_002 is completed
 2023-08-15 19:47:11,880 : INFO : Test_Login : test_login_002 : 39 : test_login_002 is started
 2023-08-15 19:47:11,880 : INFO : Test_Login : test_login_002 : 39 : test_login_002 is started
 2023-08-15 19:47:11,881 : INFO : Test_Login : test_login_002 : 40 : Opening Browser
 2023-08-15 19:47:11,881 : INFO : Test_Login : test_login_002 : 40 : Opening Browser
 2023-08-15 19:47:19,275 : INFO : Test_Login : test_login_002 : 42 : Opening Url -->https://opensource-demo.orangehrmlive.com/
 2023-08-15 19:47:19,275 : INFO : Test_Login : test_login_002 : 42 : Opening Url -->https://opensource-demo.orangehrmlive.com/
 2023-08-15 19:47:20,902 : INFO : Test_Login : test_login_002 : 48 : Entering username-->Admin
 2023-08-15 19:47:20,902 : INFO : Test_Login : test_login_002 : 48 : Entering username-->Admin
 2023-08-15 19:47:21,137 : INFO : Test_Login : test_login_002 : 52 : Entering Password -->admin123
 2023-08-15 19:47:21,137 : INFO : Test_Login : test_login_002 : 52 : Entering Password -->admin123
 2023-08-15 19:47:21,200 : INFO : Test_Login : test_login_002 : 56 : Click on Login Button
 2023-08-15 19:47:21,200 : INFO : Test_Login : test_login_002 : 56 : Click on Login Button
 2023-08-15 19:47:26,502 : INFO : Test_Login : test_login_002 : 82 : Click on Menu Button 
 2023-08-15 19:47:26,502 : INFO : Test_Login : test_login_002 : 82 : Click on Menu Button 
 2023-08-15 19:47:27,826 : INFO : Test_Login : test_login_002 : 84 : Click on Logout Button
 2023-08-15 19:47:27,826 : INFO : Test_Login : test_login_002 : 84 : Click on Logout Button
 2023-08-15 19:47:27,935 : INFO : Test_Login : test_login_002 : 90 : test_login_002 is completed
 2023-08-15 19:47:27,935 : INFO : Test_Login : test_login_002 : 90 : test_login_002 is completed
 2023-08-15 19:55:48,890 : INFO : Test_Add_Employee : test_Add_Emp_003 : 18 : test_Add_Emp_003 is started
 2023-08-15 19:55:48,891 : INFO : Test_Add_Employee : test_Add_Emp_003 : 19 : Oening Browser
 2023-08-15 19:55:55,659 : INFO : Test_Add_Employee : test_Add_Emp_003 : 21 : Opening_Url--->https://opensource-demo.orangehrmlive.com/
 2023-08-15 19:55:56,912 : INFO : Test_Add_Employee : test_Add_Emp_003 : 24 : Entering Username--->Admin
 2023-08-15 19:55:57,081 : INFO : Test_Add_Employee : test_Add_Emp_003 : 27 : Entering Password--->admin123
 2023-08-15 19:55:57,205 : INFO : Test_Add_Employee : test_Add_Emp_003 : 30 : Click Login Button
 2023-08-15 19:56:01,086 : INFO : Test_Add_Employee : test_Add_Emp_003 : 33 : Click PIM Button
 2023-08-15 19:56:03,353 : INFO : Test_Add_Employee : test_Add_Emp_003 : 35 : Click Add Customer Button
 2023-08-15 19:56:04,237 : INFO : Test_Add_Employee : test_Add_Emp_003 : 37 : Entering first name Jhon
 2023-08-15 19:56:04,342 : INFO : Test_Add_Employee : test_Add_Emp_003 : 39 : Entering Middle Name--jay
 2023-08-15 19:56:04,443 : INFO : Test_Add_Employee : test_Add_Emp_003 : 41 : Entering Lastname---bush
 2023-08-15 19:56:05,593 : INFO : Test_Add_Employee : test_Add_Emp_003 : 43 : Click on save Button
 2023-08-15 19:56:10,924 : INFO : Test_Add_Employee : test_Add_Emp_003 : 46 : test_Add_Emp_003 is Passed
 2023-08-15 19:56:11,045 : INFO : Test_Add_Employee : test_Add_Emp_003 : 53 : test_Add_Emp_003 is completed
 2023-08-15 19:56:15,913 : INFO : Test_Login : test_Page_Title_001 : 22 : test_Page_Title_001 started
 2023-08-15 19:56:15,913 : INFO : Test_Login : test_Page_Title_001 : 22 : test_Page_Title_001 started
 2023-08-15 19:56:15,913 : INFO : Test_Login : test_Page_Title_001 : 23 : opening browser
 2023-08-15 19:56:15,913 : INFO : Test_Login : test_Page_Title_001 : 23 : opening browser
 2023-08-15 19:56:22,496 : INFO : Test_Login : test_Page_Title_001 : 25 : Go to this Url-->https://opensource-demo.orangehrmlive.com/
 2023-08-15 19:56:22,496 : INFO : Test_Login : test_Page_Title_001 : 25 : Go to this Url-->https://opensource-demo.orangehrmlive.com/
 2023-08-15 19:56:22,505 : INFO : Test_Login : test_Page_Title_001 : 27 : test_Page_Title_001 is Passed
 2023-08-15 19:56:22,505 : INFO : Test_Login : test_Page_Title_001 : 27 : test_Page_Title_001 is Passed
 2023-08-15 19:56:22,513 : INFO : Test_Login : test_Page_Title_001 : 28 : Page Title is-->OrangeHRM
 2023-08-15 19:56:22,513 : INFO : Test_Login : test_Page_Title_001 : 28 : Page Title is-->OrangeHRM
 2023-08-15 19:56:25,205 : INFO : Test_Login : test_Page_Title_001 : 34 : test_Page_Title_001 is completed
 2023-08-15 19:56:25,205 : INFO : Test_Login : test_Page_Title_001 : 34 : test_Page_Title_001 is completed
 2023-08-15 19:56:30,075 : INFO : Test_Login : test_login_002 : 39 : test_login_002 is started
 2023-08-15 19:56:30,075 : INFO : Test_Login : test_login_002 : 39 : test_login_002 is started
 2023-08-15 19:56:30,076 : INFO : Test_Login : test_login_002 : 40 : Opening Browser
 2023-08-15 19:56:30,076 : INFO : Test_Login : test_login_002 : 40 : Opening Browser
 2023-08-15 19:56:37,567 : INFO : Test_Login : test_login_002 : 42 : Opening Url -->https://opensource-demo.orangehrmlive.com/
 2023-08-15 19:56:37,567 : INFO : Test_Login : test_login_002 : 42 : Opening Url -->https://opensource-demo.orangehrmlive.com/
 2023-08-15 19:56:39,449 : INFO : Test_Login : test_login_002 : 48 : Entering username-->Admin
 2023-08-15 19:56:39,449 : INFO : Test_Login : test_login_002 : 48 : Entering username-->Admin
 2023-08-15 19:56:39,696 : INFO : Test_Login : test_login_002 : 52 : Entering Password -->admin123
 2023-08-15 19:56:39,696 : INFO : Test_Login : test_login_002 : 52 : Entering Password -->admin123
 2023-08-15 19:56:39,796 : INFO : Test_Login : test_login_002 : 56 : Click on Login Button
 2023-08-15 19:56:39,796 : INFO : Test_Login : test_login_002 : 56 : Click on Login Button
 2023-08-15 19:56:45,211 : INFO : Test_Login : test_login_002 : 82 : Click on Menu Button 
 2023-08-15 19:56:45,211 : INFO : Test_Login : test_login_002 : 82 : Click on Menu Button 
 2023-08-15 19:56:46,331 : INFO : Test_Login : test_login_002 : 84 : Click on Logout Button
 2023-08-15 19:56:46,331 : INFO : Test_Login : test_login_002 : 84 : Click on Logout Button
 2023-08-15 19:56:46,427 : INFO : Test_Login : test_login_002 : 90 : test_login_002 is completed
 2023-08-15 19:56:46,427 : INFO : Test_Login : test_login_002 : 90 : test_login_002 is completed
 2023-08-15 19:56:50,083 : INFO : Test_Login_DDT : test_Login_DDT_005 : 18 : test_Login_DDT_005 is started
 2023-08-15 19:56:50,083 : INFO : Test_Login_DDT : test_Login_DDT_005 : 19 : opening browser
 2023-08-15 19:56:57,005 : INFO : Test_Login_DDT : test_Login_DDT_005 : 21 : Opening Url-->https://opensource-demo.orangehrmlive.com/
 2023-08-15 19:56:58,034 : INFO : Test_Login_DDT : test_Login_DDT_005 : 32 : Entering Username--->Admin
 2023-08-15 19:56:58,138 : INFO : Test_Login_DDT : test_Login_DDT_005 : 34 : Entering Password--->admin123
 2023-08-15 19:56:59,802 : INFO : Test_Login_DDT : test_Login_DDT_005 : 36 : Click on Login Button
 2023-08-15 19:57:00,547 : INFO : Test_Login_DDT : test_Login_DDT_005 : 42 : Click on Menu Button
 2023-08-15 19:57:04,845 : INFO : Test_Login_DDT : test_Login_DDT_005 : 44 : Click on Logout Button
 2023-08-15 19:57:05,549 : INFO : Test_Login_DDT : test_Login_DDT_005 : 32 : Entering Username--->Admin1
 2023-08-15 19:57:05,633 : INFO : Test_Login_DDT : test_Login_DDT_005 : 34 : Entering Password--->admin123
 2023-08-15 19:57:05,682 : INFO : Test_Login_DDT : test_Login_DDT_005 : 36 : Click on Login Button
 2023-08-15 19:57:17,206 : INFO : Test_Login_DDT : test_Login_DDT_005 : 32 : Entering Username--->Admin
 2023-08-15 19:57:17,300 : INFO : Test_Login_DDT : test_Login_DDT_005 : 34 : Entering Password--->admin1231
 2023-08-15 19:57:17,362 : INFO : Test_Login_DDT : test_Login_DDT_005 : 36 : Click on Login Button
 2023-08-15 19:57:29,046 : INFO : Test_Login_DDT : test_Login_DDT_005 : 32 : Entering Username--->Admin1
 2023-08-15 19:57:29,175 : INFO : Test_Login_DDT : test_Login_DDT_005 : 34 : Entering Password--->admin1231
 2023-08-15 19:57:29,226 : INFO : Test_Login_DDT : test_Login_DDT_005 : 36 : Click on Login Button
 2023-08-15 19:57:40,812 : INFO : Test_Login_DDT : test_Login_DDT_005 : 74 : test_Login_DDT_005 is Failed
 2023-08-15 19:57:45,667 : INFO : Test_Login : test_login_params_004 : 20 : test_login_params_004 is started
 2023-08-15 19:57:45,667 : INFO : Test_Login : test_login_params_004 : 20 : test_login_params_004 is started
 2023-08-15 19:57:45,668 : INFO : Test_Login : test_login_params_004 : 21 : Opening Browser
 2023-08-15 19:57:45,668 : INFO : Test_Login : test_login_params_004 : 21 : Opening Browser
 2023-08-15 19:57:56,439 : INFO : Test_Login : test_login_params_004 : 23 : Opening Url -->https://opensource-demo.orangehrmlive.com/
 2023-08-15 19:57:56,439 : INFO : Test_Login : test_login_params_004 : 23 : Opening Url -->https://opensource-demo.orangehrmlive.com/
 2023-08-15 19:57:57,977 : INFO : Test_Login : test_login_params_004 : 30 : Entering username-->Admin
 2023-08-15 19:57:57,977 : INFO : Test_Login : test_login_params_004 : 30 : Entering username-->Admin
 2023-08-15 19:57:58,173 : INFO : Test_Login : test_login_params_004 : 36 : Entering pasword-->admin123
 2023-08-15 19:57:58,173 : INFO : Test_Login : test_login_params_004 : 36 : Entering pasword-->admin123
 2023-08-15 19:57:58,262 : INFO : Test_Login : test_login_params_004 : 41 : Click on Login Button
 2023-08-15 19:57:58,262 : INFO : Test_Login : test_login_params_004 : 41 : Click on Login Button
 2023-08-15 19:58:00,757 : INFO : Test_Login : test_login_params_004 : 69 : Click on Menu Button 
 2023-08-15 19:58:00,757 : INFO : Test_Login : test_login_params_004 : 69 : Click on Menu Button 
 2023-08-15 19:58:04,038 : INFO : Test_Login : test_login_params_004 : 71 : Click on Logout Button
 2023-08-15 19:58:04,038 : INFO : Test_Login : test_login_params_004 : 71 : Click on Logout Button
 2023-08-15 19:58:04,038 : INFO : Test_Login : test_login_params_004 : 72 : test_login_params_004 passed
 2023-08-15 19:58:04,038 : INFO : Test_Login : test_login_params_004 : 72 : test_login_params_004 passed
 2023-08-15 19:58:04,039 : INFO : Test_Login : test_login_params_004 : 97 : test_login_params_004 is Passed
 2023-08-15 19:58:04,039 : INFO : Test_Login : test_login_params_004 : 97 : test_login_params_004 is Passed
 2023-08-15 19:58:04,161 : INFO : Test_Login : test_login_params_004 : 102 : test_login_002 is completed
 2023-08-15 19:58:04,161 : INFO : Test_Login : test_login_params_004 : 102 : test_login_002 is completed
 2023-08-15 19:58:07,285 : INFO : Test_Login : test_login_params_004 : 20 : test_login_params_004 is started
 2023-08-15 19:58:07,285 : INFO : Test_Login : test_login_params_004 : 20 : test_login_params_004 is started
 2023-08-15 19:58:07,286 : INFO : Test_Login : test_login_params_004 : 21 : Opening Browser
 2023-08-15 19:58:07,286 : INFO : Test_Login : test_login_params_004 : 21 : Opening Browser
 2023-08-15 19:58:13,594 : INFO : Test_Login : test_login_params_004 : 23 : Opening Url -->https://opensource-demo.orangehrmlive.com/
 2023-08-15 19:58:13,594 : INFO : Test_Login : test_login_params_004 : 23 : Opening Url -->https://opensource-demo.orangehrmlive.com/
 2023-08-15 19:58:14,998 : INFO : Test_Login : test_login_params_004 : 30 : Entering username-->Admin1
 2023-08-15 19:58:14,998 : INFO : Test_Login : test_login_params_004 : 30 : Entering username-->Admin1
 2023-08-15 19:58:15,143 : INFO : Test_Login : test_login_params_004 : 36 : Entering pasword-->admin123
 2023-08-15 19:58:15,143 : INFO : Test_Login : test_login_params_004 : 36 : Entering pasword-->admin123
 2023-08-15 19:58:15,238 : INFO : Test_Login : test_login_params_004 : 41 : Click on Login Button
 2023-08-15 19:58:15,238 : INFO : Test_Login : test_login_params_004 : 41 : Click on Login Button
 2023-08-15 19:58:27,430 : INFO : Test_Login : test_login_params_004 : 92 : test_login_params_004 passed
 2023-08-15 19:58:27,430 : INFO : Test_Login : test_login_params_004 : 92 : test_login_params_004 passed
 2023-08-15 19:58:27,430 : INFO : Test_Login : test_login_params_004 : 97 : test_login_params_004 is Passed
 2023-08-15 19:58:27,430 : INFO : Test_Login : test_login_params_004 : 97 : test_login_params_004 is Passed
 2023-08-15 19:58:27,517 : INFO : Test_Login : test_login_params_004 : 102 : test_login_002 is completed
 2023-08-15 19:58:27,517 : INFO : Test_Login : test_login_params_004 : 102 : test_login_002 is completed
 2023-08-15 19:58:30,133 : INFO : Test_Login : test_login_params_004 : 20 : test_login_params_004 is started
 2023-08-15 19:58:30,133 : INFO : Test_Login : test_login_params_004 : 20 : test_login_params_004 is started
 2023-08-15 19:58:30,133 : INFO : Test_Login : test_login_params_004 : 21 : Opening Browser
 2023-08-15 19:58:30,133 : INFO : Test_Login : test_login_params_004 : 21 : Opening Browser
 2023-08-15 19:58:40,670 : INFO : Test_Login : test_login_params_004 : 23 : Opening Url -->https://opensource-demo.orangehrmlive.com/
 2023-08-15 19:58:40,670 : INFO : Test_Login : test_login_params_004 : 23 : Opening Url -->https://opensource-demo.orangehrmlive.com/
 2023-08-15 19:58:41,983 : INFO : Test_Login : test_login_params_004 : 30 : Entering username-->Admin
 2023-08-15 19:58:41,983 : INFO : Test_Login : test_login_params_004 : 30 : Entering username-->Admin
 2023-08-15 19:58:42,105 : INFO : Test_Login : test_login_params_004 : 36 : Entering pasword-->admin1231
 2023-08-15 19:58:42,105 : INFO : Test_Login : test_login_params_004 : 36 : Entering pasword-->admin1231
 2023-08-15 19:58:42,181 : INFO : Test_Login : test_login_params_004 : 41 : Click on Login Button
 2023-08-15 19:58:42,181 : INFO : Test_Login : test_login_params_004 : 41 : Click on Login Button
 2023-08-15 19:58:53,836 : INFO : Test_Login : test_login_params_004 : 92 : test_login_params_004 passed
 2023-08-15 19:58:53,836 : INFO : Test_Login : test_login_params_004 : 92 : test_login_params_004 passed
 2023-08-15 19:58:53,836 : INFO : Test_Login : test_login_params_004 : 97 : test_login_params_004 is Passed
 2023-08-15 19:58:53,836 : INFO : Test_Login : test_login_params_004 : 97 : test_login_params_004 is Passed
 2023-08-15 19:58:53,907 : INFO : Test_Login : test_login_params_004 : 102 : test_login_002 is completed
 2023-08-15 19:58:53,907 : INFO : Test_Login : test_login_params_004 : 102 : test_login_002 is completed
 2023-08-15 19:58:55,855 : INFO : Test_Login : test_login_params_004 : 20 : test_login_params_004 is started
 2023-08-15 19:58:55,855 : INFO : Test_Login : test_login_params_004 : 20 : test_login_params_004 is started
 2023-08-15 19:58:55,855 : INFO : Test_Login : test_login_params_004 : 21 : Opening Browser
 2023-08-15 19:58:55,855 : INFO : Test_Login : test_login_params_004 : 21 : Opening Browser
 2023-08-15 19:59:02,976 : INFO : Test_Login : test_login_params_004 : 23 : Opening Url -->https://opensource-demo.orangehrmlive.com/
 2023-08-15 19:59:02,976 : INFO : Test_Login : test_login_params_004 : 23 : Opening Url -->https://opensource-demo.orangehrmlive.com/
 2023-08-15 19:59:04,226 : INFO : Test_Login : test_login_params_004 : 30 : Entering username-->Admin1
 2023-08-15 19:59:04,226 : INFO : Test_Login : test_login_params_004 : 30 : Entering username-->Admin1
 2023-08-15 19:59:04,352 : INFO : Test_Login : test_login_params_004 : 36 : Entering pasword-->admin1231
 2023-08-15 19:59:04,352 : INFO : Test_Login : test_login_params_004 : 36 : Entering pasword-->admin1231
 2023-08-15 19:59:06,436 : INFO : Test_Login : test_login_params_004 : 41 : Click on Login Button
 2023-08-15 19:59:06,436 : INFO : Test_Login : test_login_params_004 : 41 : Click on Login Button
 2023-08-15 19:59:16,611 : INFO : Test_Login : test_login_params_004 : 92 : test_login_params_004 passed
 2023-08-15 19:59:16,611 : INFO : Test_Login : test_login_params_004 : 92 : test_login_params_004 passed
 2023-08-15 19:59:16,611 : INFO : Test_Login : test_login_params_004 : 97 : test_login_params_004 is Passed
 2023-08-15 19:59:16,611 : INFO : Test_Login : test_login_params_004 : 97 : test_login_params_004 is Passed
 2023-08-15 19:59:16,699 : INFO : Test_Login : test_login_params_004 : 102 : test_login_002 is completed
 2023-08-15 19:59:16,699 : INFO : Test_Login : test_login_params_004 : 102 : test_login_002 is completed
 2023-08-15 20:02:43,792 : INFO : Test_Login_DDT : test_Login_DDT_005 : 18 : test_Login_DDT_005 is started
 2023-08-15 20:02:43,793 : INFO : Test_Login_DDT : test_Login_DDT_005 : 19 : opening browser
 2023-08-15 20:02:51,895 : INFO : Test_Login_DDT : test_Login_DDT_005 : 21 : Opening Url-->https://opensource-demo.orangehrmlive.com/
 2023-08-15 20:02:52,873 : INFO : Test_Login_DDT : test_Login_DDT_005 : 32 : Entering Username--->Admin
 2023-08-15 20:02:52,979 : INFO : Test_Login_DDT : test_Login_DDT_005 : 34 : Entering Password--->admin123
 2023-08-15 20:02:53,059 : INFO : Test_Login_DDT : test_Login_DDT_005 : 36 : Click on Login Button
 2023-08-15 20:02:56,063 : INFO : Test_Login_DDT : test_Login_DDT_005 : 42 : Click on Menu Button
 2023-08-15 20:02:57,584 : INFO : Test_Login_DDT : test_Login_DDT_005 : 44 : Click on Logout Button
 2023-08-15 20:02:58,275 : INFO : Test_Login_DDT : test_Login_DDT_005 : 32 : Entering Username--->Admin1
 2023-08-15 20:02:58,423 : INFO : Test_Login_DDT : test_Login_DDT_005 : 34 : Entering Password--->admin123
 2023-08-15 20:02:58,536 : INFO : Test_Login_DDT : test_Login_DDT_005 : 36 : Click on Login Button
 2023-08-15 20:03:11,305 : INFO : Test_Login_DDT : test_Login_DDT_005 : 32 : Entering Username--->Admin
 2023-08-15 20:03:11,392 : INFO : Test_Login_DDT : test_Login_DDT_005 : 34 : Entering Password--->admin1231
 2023-08-15 20:03:11,440 : INFO : Test_Login_DDT : test_Login_DDT_005 : 36 : Click on Login Button
 2023-08-15 20:03:23,495 : INFO : Test_Login_DDT : test_Login_DDT_005 : 32 : Entering Username--->Admin1
 2023-08-15 20:03:23,586 : INFO : Test_Login_DDT : test_Login_DDT_005 : 34 : Entering Password--->admin1231
 2023-08-15 20:03:23,644 : INFO : Test_Login_DDT : test_Login_DDT_005 : 36 : Click on Login Button
 2023-08-15 20:03:36,060 : INFO : Test_Login_DDT : test_Login_DDT_005 : 74 : test_Login_DDT_005 is Failed
 2023-08-15 20:04:40,667 : INFO : Test_Login_DDT : test_Login_DDT_005 : 18 : test_Login_DDT_005 is started
 2023-08-15 20:04:40,668 : INFO : Test_Login_DDT : test_Login_DDT_005 : 19 : opening browser
 2023-08-15 20:04:50,490 : INFO : Test_Login_DDT : test_Login_DDT_005 : 21 : Opening Url-->https://opensource-demo.orangehrmlive.com/
 2023-08-15 20:04:51,679 : INFO : Test_Login_DDT : test_Login_DDT_005 : 32 : Entering Username--->Admin
 2023-08-15 20:04:51,811 : INFO : Test_Login_DDT : test_Login_DDT_005 : 34 : Entering Password--->admin123
 2023-08-15 20:04:53,923 : INFO : Test_Login_DDT : test_Login_DDT_005 : 36 : Click on Login Button
 2023-08-15 20:04:55,372 : INFO : Test_Login_DDT : test_Login_DDT_005 : 42 : Click on Menu Button
 2023-08-15 20:04:56,714 : INFO : Test_Login_DDT : test_Login_DDT_005 : 44 : Click on Logout Button
 2023-08-15 20:04:57,525 : INFO : Test_Login_DDT : test_Login_DDT_005 : 32 : Entering Username--->Admin1
 2023-08-15 20:04:57,668 : INFO : Test_Login_DDT : test_Login_DDT_005 : 34 : Entering Password--->admin123
 2023-08-15 20:04:57,767 : INFO : Test_Login_DDT : test_Login_DDT_005 : 36 : Click on Login Button
 2023-08-15 20:05:09,564 : INFO : Test_Login_DDT : test_Login_DDT_005 : 32 : Entering Username--->Admin
 2023-08-15 20:05:09,651 : INFO : Test_Login_DDT : test_Login_DDT_005 : 34 : Entering Password--->admin1231
 2023-08-15 20:05:09,708 : INFO : Test_Login_DDT : test_Login_DDT_005 : 36 : Click on Login Button
 2023-08-15 20:05:21,672 : INFO : Test_Login_DDT : test_Login_DDT_005 : 32 : Entering Username--->Admin1
 2023-08-15 20:05:21,759 : INFO : Test_Login_DDT : test_Login_DDT_005 : 34 : Entering Password--->admin1231
 2023-08-15 20:05:21,799 : INFO : Test_Login_DDT : test_Login_DDT_005 : 36 : Click on Login Button
 2023-08-15 20:05:33,274 : INFO : Test_Login_DDT : test_Login_DDT_005 : 71 : test_Login_DDT_005 is Passed
 2023-08-15 20:05:33,776 : INFO : Test_Login_DDT : test_Login_DDT_005 : 77 : test_Login_DDT_005 iscompleted
 2023-08-15 20:13:56,261 : INFO : Test_Add_Employee : test_Add_Emp_003 : 18 : test_Add_Emp_003 is started
 2023-08-15 20:13:56,261 : INFO : Test_Add_Employee : test_Add_Emp_003 : 19 : Oening Browser
 2023-08-15 20:13:56,304 : INFO : Test_Login : test_login_002 : 39 : test_login_002 is started
 2023-08-15 20:13:56,304 : INFO : Test_Login : test_login_002 : 39 : test_login_002 is started
 2023-08-15 20:13:56,304 : INFO : Test_Login : test_login_002 : 40 : Opening Browser
 2023-08-15 20:13:56,304 : INFO : Test_Login : test_login_002 : 40 : Opening Browser
 2023-08-15 20:13:58,241 : INFO : Test_Login : test_login_params_004 : 20 : test_login_params_004 is started
 2023-08-15 20:13:58,241 : INFO : Test_Login : test_login_params_004 : 20 : test_login_params_004 is started
 2023-08-15 20:13:58,242 : INFO : Test_Login : test_login_params_004 : 21 : Opening Browser
 2023-08-15 20:13:58,242 : INFO : Test_Login : test_login_params_004 : 21 : Opening Browser
 2023-08-15 20:14:00,364 : INFO : Test_Login : test_login_params_004 : 20 : test_login_params_004 is started
 2023-08-15 20:14:00,364 : INFO : Test_Login : test_login_params_004 : 20 : test_login_params_004 is started
 2023-08-15 20:14:00,364 : INFO : Test_Login : test_login_params_004 : 21 : Opening Browser
 2023-08-15 20:14:00,364 : INFO : Test_Login : test_login_params_004 : 21 : Opening Browser
 2023-08-15 20:14:05,046 : INFO : Test_Login : test_login_002 : 42 : Opening Url -->https://opensource-demo.orangehrmlive.com/
 2023-08-15 20:14:05,046 : INFO : Test_Login : test_login_002 : 42 : Opening Url -->https://opensource-demo.orangehrmlive.com/
 2023-08-15 20:14:06,312 : INFO : Test_Login : test_login_002 : 48 : Entering username-->Admin
 2023-08-15 20:14:06,312 : INFO : Test_Login : test_login_002 : 48 : Entering username-->Admin
 2023-08-15 20:14:06,461 : INFO : Test_Login : test_login_002 : 52 : Entering Password -->admin123
 2023-08-15 20:14:06,461 : INFO : Test_Login : test_login_002 : 52 : Entering Password -->admin123
 2023-08-15 20:14:06,545 : INFO : Test_Login : test_login_002 : 56 : Click on Login Button
 2023-08-15 20:14:06,545 : INFO : Test_Login : test_login_002 : 56 : Click on Login Button
 2023-08-15 20:14:07,699 : INFO : Test_Add_Employee : test_Add_Emp_003 : 21 : Opening_Url--->https://opensource-demo.orangehrmlive.com/
 2023-08-15 20:14:08,921 : INFO : Test_Add_Employee : test_Add_Emp_003 : 24 : Entering Username--->Admin
 2023-08-15 20:14:09,113 : INFO : Test_Add_Employee : test_Add_Emp_003 : 27 : Entering Password--->admin123
 2023-08-15 20:14:09,186 : INFO : Test_Add_Employee : test_Add_Emp_003 : 30 : Click Login Button
 2023-08-15 20:14:09,381 : INFO : Test_Login : test_login_params_004 : 23 : Opening Url -->https://opensource-demo.orangehrmlive.com/
 2023-08-15 20:14:09,381 : INFO : Test_Login : test_login_params_004 : 23 : Opening Url -->https://opensource-demo.orangehrmlive.com/
 2023-08-15 20:14:09,932 : INFO : Test_Login : test_login_params_004 : 23 : Opening Url -->https://opensource-demo.orangehrmlive.com/
 2023-08-15 20:14:09,932 : INFO : Test_Login : test_login_params_004 : 23 : Opening Url -->https://opensource-demo.orangehrmlive.com/
 2023-08-15 20:14:10,326 : INFO : Test_Login : test_login_params_004 : 30 : Entering username-->Admin
 2023-08-15 20:14:10,326 : INFO : Test_Login : test_login_params_004 : 30 : Entering username-->Admin
 2023-08-15 20:14:10,468 : INFO : Test_Login : test_login_params_004 : 36 : Entering pasword-->admin123
 2023-08-15 20:14:10,468 : INFO : Test_Login : test_login_params_004 : 36 : Entering pasword-->admin123
 2023-08-15 20:14:10,571 : INFO : Test_Login : test_login_params_004 : 41 : Click on Login Button
 2023-08-15 20:14:10,571 : INFO : Test_Login : test_login_params_004 : 41 : Click on Login Button
 2023-08-15 20:14:10,920 : INFO : Test_Login : test_login_params_004 : 30 : Entering username-->Admin
 2023-08-15 20:14:10,920 : INFO : Test_Login : test_login_params_004 : 30 : Entering username-->Admin
 2023-08-15 20:14:11,038 : INFO : Test_Login : test_login_params_004 : 36 : Entering pasword-->admin1231
 2023-08-15 20:14:11,038 : INFO : Test_Login : test_login_params_004 : 36 : Entering pasword-->admin1231
 2023-08-15 20:14:11,864 : INFO : Test_Login : test_login_002 : 82 : Click on Menu Button 
 2023-08-15 20:14:11,864 : INFO : Test_Login : test_login_002 : 82 : Click on Menu Button 
 2023-08-15 20:14:12,983 : INFO : Test_Login : test_login_params_004 : 41 : Click on Login Button
 2023-08-15 20:14:12,983 : INFO : Test_Login : test_login_params_004 : 41 : Click on Login Button
 2023-08-15 20:14:13,113 : INFO : Test_Login : test_login_002 : 84 : Click on Logout Button
 2023-08-15 20:14:13,113 : INFO : Test_Login : test_login_002 : 84 : Click on Logout Button
 2023-08-15 20:14:13,280 : INFO : Test_Login : test_login_002 : 90 : test_login_002 is completed
 2023-08-15 20:14:13,280 : INFO : Test_Login : test_login_002 : 90 : test_login_002 is completed
 2023-08-15 20:14:13,609 : INFO : Test_Add_Employee : test_Add_Emp_003 : 33 : Click PIM Button
 2023-08-15 20:14:13,735 : INFO : Test_Login : test_login_params_004 : 69 : Click on Menu Button 
 2023-08-15 20:14:13,735 : INFO : Test_Login : test_login_params_004 : 69 : Click on Menu Button 
 2023-08-15 20:14:15,200 : INFO : Test_Login : test_login_params_004 : 71 : Click on Logout Button
 2023-08-15 20:14:15,200 : INFO : Test_Login : test_login_params_004 : 71 : Click on Logout Button
 2023-08-15 20:14:15,201 : INFO : Test_Login : test_login_params_004 : 72 : test_login_params_004 passed
 2023-08-15 20:14:15,201 : INFO : Test_Login : test_login_params_004 : 72 : test_login_params_004 passed
 2023-08-15 20:14:15,201 : INFO : Test_Login : test_login_params_004 : 97 : test_login_params_004 is Passed
 2023-08-15 20:14:15,201 : INFO : Test_Login : test_login_params_004 : 97 : test_login_params_004 is Passed
 2023-08-15 20:14:15,533 : INFO : Test_Login : test_login_params_004 : 102 : test_login_002 is completed
 2023-08-15 20:14:15,533 : INFO : Test_Login : test_login_params_004 : 102 : test_login_002 is completed
 2023-08-15 20:14:16,033 : INFO : Test_Login_DDT : test_Login_DDT_005 : 18 : test_Login_DDT_005 is started
 2023-08-15 20:14:16,034 : INFO : Test_Login_DDT : test_Login_DDT_005 : 19 : opening browser
 2023-08-15 20:14:16,952 : INFO : Test_Add_Employee : test_Add_Emp_003 : 35 : Click Add Customer Button
 2023-08-15 20:14:17,762 : INFO : Test_Add_Employee : test_Add_Emp_003 : 37 : Entering first name Jhon
 2023-08-15 20:14:17,852 : INFO : Test_Add_Employee : test_Add_Emp_003 : 39 : Entering Middle Name--jay
 2023-08-15 20:14:17,932 : INFO : Test_Add_Employee : test_Add_Emp_003 : 41 : Entering Lastname---bush
 2023-08-15 20:14:18,494 : INFO : Test_Login : test_login_params_004 : 20 : test_login_params_004 is started
 2023-08-15 20:14:18,494 : INFO : Test_Login : test_login_params_004 : 20 : test_login_params_004 is started
 2023-08-15 20:14:18,495 : INFO : Test_Login : test_login_params_004 : 21 : Opening Browser
 2023-08-15 20:14:18,495 : INFO : Test_Login : test_login_params_004 : 21 : Opening Browser
 2023-08-15 20:14:18,984 : INFO : Test_Add_Employee : test_Add_Emp_003 : 43 : Click on save Button
 2023-08-15 20:14:23,150 : INFO : Test_Login : test_login_params_004 : 92 : test_login_params_004 passed
 2023-08-15 20:14:23,150 : INFO : Test_Login : test_login_params_004 : 92 : test_login_params_004 passed
 2023-08-15 20:14:23,150 : INFO : Test_Login : test_login_params_004 : 97 : test_login_params_004 is Passed
 2023-08-15 20:14:23,150 : INFO : Test_Login : test_login_params_004 : 97 : test_login_params_004 is Passed
 2023-08-15 20:14:23,366 : INFO : Test_Login : test_login_params_004 : 102 : test_login_002 is completed
 2023-08-15 20:14:23,366 : INFO : Test_Login : test_login_params_004 : 102 : test_login_002 is completed
 2023-08-15 20:14:23,726 : INFO : Test_Add_Employee : test_Add_Emp_003 : 46 : test_Add_Emp_003 is Passed
 2023-08-15 20:14:23,952 : INFO : Test_Add_Employee : test_Add_Emp_003 : 53 : test_Add_Emp_003 is completed
 2023-08-15 20:14:24,228 : INFO : Test_Login_DDT : test_Login_DDT_005 : 21 : Opening Url-->https://opensource-demo.orangehrmlive.com/
 2023-08-15 20:14:25,705 : INFO : Test_Login : test_login_params_004 : 23 : Opening Url -->https://opensource-demo.orangehrmlive.com/
 2023-08-15 20:14:25,705 : INFO : Test_Login : test_login_params_004 : 23 : Opening Url -->https://opensource-demo.orangehrmlive.com/
 2023-08-15 20:14:25,745 : INFO : Test_Login_DDT : test_Login_DDT_005 : 32 : Entering Username--->Admin
 2023-08-15 20:14:25,896 : INFO : Test_Login_DDT : test_Login_DDT_005 : 34 : Entering Password--->admin123
 2023-08-15 20:14:25,993 : INFO : Test_Login_DDT : test_Login_DDT_005 : 36 : Click on Login Button
 2023-08-15 20:14:26,728 : INFO : Test_Login : test_Page_Title_001 : 22 : test_Page_Title_001 started
 2023-08-15 20:14:26,728 : INFO : Test_Login : test_Page_Title_001 : 22 : test_Page_Title_001 started
 2023-08-15 20:14:26,729 : INFO : Test_Login : test_Page_Title_001 : 23 : opening browser
 2023-08-15 20:14:26,729 : INFO : Test_Login : test_Page_Title_001 : 23 : opening browser
 2023-08-15 20:14:26,754 : INFO : Test_Login : test_login_params_004 : 20 : test_login_params_004 is started
 2023-08-15 20:14:26,754 : INFO : Test_Login : test_login_params_004 : 20 : test_login_params_004 is started
 2023-08-15 20:14:26,755 : INFO : Test_Login : test_login_params_004 : 21 : Opening Browser
 2023-08-15 20:14:26,755 : INFO : Test_Login : test_login_params_004 : 21 : Opening Browser
 2023-08-15 20:14:26,900 : INFO : Test_Login : test_login_params_004 : 30 : Entering username-->Admin1
 2023-08-15 20:14:26,900 : INFO : Test_Login : test_login_params_004 : 30 : Entering username-->Admin1
 2023-08-15 20:14:27,027 : INFO : Test_Login : test_login_params_004 : 36 : Entering pasword-->admin123
 2023-08-15 20:14:27,027 : INFO : Test_Login : test_login_params_004 : 36 : Entering pasword-->admin123
 2023-08-15 20:14:28,786 : INFO : Test_Login_DDT : test_Login_DDT_005 : 42 : Click on Menu Button
 2023-08-15 20:14:28,986 : INFO : Test_Login : test_login_params_004 : 41 : Click on Login Button
 2023-08-15 20:14:28,986 : INFO : Test_Login : test_login_params_004 : 41 : Click on Login Button
 2023-08-15 20:14:34,030 : INFO : Test_Login_DDT : test_Login_DDT_005 : 44 : Click on Logout Button
 2023-08-15 20:14:34,734 : INFO : Test_Login_DDT : test_Login_DDT_005 : 32 : Entering Username--->Admin1
 2023-08-15 20:14:34,808 : INFO : Test_Login_DDT : test_Login_DDT_005 : 34 : Entering Password--->admin123
 2023-08-15 20:14:34,863 : INFO : Test_Login_DDT : test_Login_DDT_005 : 36 : Click on Login Button
 2023-08-15 20:14:37,118 : INFO : Test_Login : test_Page_Title_001 : 25 : Go to this Url-->https://opensource-demo.orangehrmlive.com/
 2023-08-15 20:14:37,118 : INFO : Test_Login : test_Page_Title_001 : 25 : Go to this Url-->https://opensource-demo.orangehrmlive.com/
 2023-08-15 20:14:37,126 : INFO : Test_Login : test_Page_Title_001 : 27 : test_Page_Title_001 is Passed
 2023-08-15 20:14:37,126 : INFO : Test_Login : test_Page_Title_001 : 27 : test_Page_Title_001 is Passed
 2023-08-15 20:14:37,130 : INFO : Test_Login : test_Page_Title_001 : 28 : Page Title is-->OrangeHRM
 2023-08-15 20:14:37,130 : INFO : Test_Login : test_Page_Title_001 : 28 : Page Title is-->OrangeHRM
 2023-08-15 20:14:37,377 : INFO : Test_Login : test_Page_Title_001 : 34 : test_Page_Title_001 is completed
 2023-08-15 20:14:37,377 : INFO : Test_Login : test_Page_Title_001 : 34 : test_Page_Title_001 is completed
 2023-08-15 20:14:38,187 : INFO : Test_Login : test_login_params_004 : 23 : Opening Url -->https://opensource-demo.orangehrmlive.com/
 2023-08-15 20:14:38,187 : INFO : Test_Login : test_login_params_004 : 23 : Opening Url -->https://opensource-demo.orangehrmlive.com/
 2023-08-15 20:14:39,128 : INFO : Test_Login : test_login_params_004 : 92 : test_login_params_004 passed
 2023-08-15 20:14:39,128 : INFO : Test_Login : test_login_params_004 : 92 : test_login_params_004 passed
 2023-08-15 20:14:39,128 : INFO : Test_Login : test_login_params_004 : 97 : test_login_params_004 is Passed
 2023-08-15 20:14:39,128 : INFO : Test_Login : test_login_params_004 : 97 : test_login_params_004 is Passed
 2023-08-15 20:14:39,499 : INFO : Test_Login : test_login_params_004 : 30 : Entering username-->Admin1
 2023-08-15 20:14:39,499 : INFO : Test_Login : test_login_params_004 : 30 : Entering username-->Admin1
 2023-08-15 20:14:39,577 : INFO : Test_Login : test_login_params_004 : 102 : test_login_002 is completed
 2023-08-15 20:14:39,577 : INFO : Test_Login : test_login_params_004 : 102 : test_login_002 is completed
 2023-08-15 20:14:39,640 : INFO : Test_Login : test_login_params_004 : 36 : Entering pasword-->admin1231
 2023-08-15 20:14:39,640 : INFO : Test_Login : test_login_params_004 : 36 : Entering pasword-->admin1231
 2023-08-15 20:14:39,730 : INFO : Test_Login : test_login_params_004 : 41 : Click on Login Button
 2023-08-15 20:14:39,730 : INFO : Test_Login : test_login_params_004 : 41 : Click on Login Button
 2023-08-15 20:14:46,356 : INFO : Test_Login_DDT : test_Login_DDT_005 : 32 : Entering Username--->Admin
 2023-08-15 20:14:46,463 : INFO : Test_Login_DDT : test_Login_DDT_005 : 34 : Entering Password--->admin1231
 2023-08-15 20:14:46,521 : INFO : Test_Login_DDT : test_Login_DDT_005 : 36 : Click on Login Button
 2023-08-15 20:14:51,730 : INFO : Test_Login : test_login_params_004 : 92 : test_login_params_004 passed
 2023-08-15 20:14:51,730 : INFO : Test_Login : test_login_params_004 : 92 : test_login_params_004 passed
 2023-08-15 20:14:51,731 : INFO : Test_Login : test_login_params_004 : 97 : test_login_params_004 is Passed
 2023-08-15 20:14:51,731 : INFO : Test_Login : test_login_params_004 : 97 : test_login_params_004 is Passed
 2023-08-15 20:14:51,942 : INFO : Test_Login : test_login_params_004 : 102 : test_login_002 is completed
 2023-08-15 20:14:51,942 : INFO : Test_Login : test_login_params_004 : 102 : test_login_002 is completed
 2023-08-15 20:14:58,388 : INFO : Test_Login_DDT : test_Login_DDT_005 : 32 : Entering Username--->Admin1
 2023-08-15 20:14:58,521 : INFO : Test_Login_DDT : test_Login_DDT_005 : 34 : Entering Password--->admin1231
 2023-08-15 20:14:58,589 : INFO : Test_Login_DDT : test_Login_DDT_005 : 36 : Click on Login Button
 2023-08-15 20:15:10,398 : INFO : Test_Login_DDT : test_Login_DDT_005 : 71 : test_Login_DDT_005 is Passed
 2023-08-15 20:15:10,507 : INFO : Test_Login_DDT : test_Login_DDT_005 : 77 : test_Login_DDT_005 iscompleted
